============================= test session starts =============================
collecting ... collected 4933 items

tests/test_agent_heartbeat.py::TestRecordHeartbeat::test_record_heartbeat_stores_record PASSED [  0%]
tests/test_agent_heartbeat.py::TestRecordHeartbeat::test_record_multiple_heartbeats PASSED [  0%]
tests/test_agent_heartbeat.py::TestRecordHeartbeat::test_history_capped_at_max_history PASSED [  0%]
tests/test_agent_heartbeat.py::TestCheckStatus::test_check_status_returns_alive_for_recent_heartbeat PASSED [  0%]
tests/test_agent_heartbeat.py::TestCheckStatus::test_check_status_returns_dead_after_threshold PASSED [  0%]
tests/test_agent_heartbeat.py::TestCheckStatus::test_check_status_returns_dead_for_explicitly_dead PASSED [  0%]
tests/test_agent_heartbeat.py::TestCheckStatus::test_check_status_returns_degraded PASSED [  0%]
tests/test_agent_heartbeat.py::TestCheckStatus::test_check_status_unknown_agent_returns_dead PASSED [  0%]
tests/test_agent_heartbeat.py::TestGetConfidence::test_get_confidence_with_recent_clean_agent PASSED [  0%]
tests/test_agent_heartbeat.py::TestGetConfidence::test_get_confidence_penalizes_errors PASSED [  0%]
tests/test_agent_heartbeat.py::TestGetConfidence::test_get_confidence_unknown_agent_returns_zero PASSED [  0%]
tests/test_agent_heartbeat.py::TestGetConfidence::test_get_confidence_bounded_0_to_1 PASSED [  0%]
tests/test_agent_heartbeat.py::TestRouteByConfidence::test_route_by_confidence_picks_highest PASSED [  0%]
tests/test_agent_heartbeat.py::TestRouteByConfidence::test_route_by_confidence_excludes_dead PASSED [  0%]
tests/test_agent_heartbeat.py::TestRouteByConfidence::test_route_by_confidence_no_match_returns_none PASSED [  0%]
tests/test_agent_heartbeat.py::TestDeadAgents::test_dead_agents_returns_only_dead PASSED [  0%]
tests/test_agent_heartbeat.py::TestDeadAgents::test_dead_agents_empty_when_all_alive PASSED [  0%]
tests/test_agent_heartbeat.py::TestAggregateReport::test_aggregate_report_has_correct_structure PASSED [  0%]
tests/test_agent_heartbeat.py::TestAggregateReport::test_aggregate_report_counts_correctly PASSED [  0%]
tests/test_agent_identity.py::TestKeyGeneration::test_generate_produces_valid_keypair PASSED [  0%]
tests/test_agent_identity.py::TestKeyGeneration::test_generate_is_random PASSED [  0%]
tests/test_agent_identity.py::TestKeyGeneration::test_generate_respects_tier PASSED [  0%]
tests/test_agent_identity.py::TestKeyGeneration::test_generate_defaults_to_hearth PASSED [  0%]
tests/test_agent_identity.py::TestKeyGeneration::test_from_private_bytes_roundtrip PASSED [  0%]
tests/test_agent_identity.py::TestKeyGeneration::test_from_private_bytes_rejects_short_seed PASSED [  0%]
tests/test_agent_identity.py::TestKeyGeneration::test_from_private_bytes_rejects_long_seed PASSED [  0%]
tests/test_agent_identity.py::TestSignVerify::test_sign_verify_roundtrip PASSED [  0%]
tests/test_agent_identity.py::TestSignVerify::test_sign_text_convenience PASSED [  0%]
tests/test_agent_identity.py::TestSignVerify::test_verify_rejects_tampered_payload PASSED [  0%]
tests/test_agent_identity.py::TestSignVerify::test_verify_rejects_wrong_public_key PASSED [  0%]
tests/test_agent_identity.py::TestSignVerify::test_verify_rejects_expired_proof PASSED [  0%]
tests/test_agent_identity.py::TestSignVerify::test_verify_accepts_fresh_proof PASSED [  0%]
tests/test_agent_identity.py::TestSignVerify::test_verify_accepts_without_max_age PASSED [  0%]
tests/test_agent_identity.py::TestSignVerify::test_verify_rejects_altered_token PASSED [  0%]
tests/test_agent_identity.py::TestSerialization::test_raw_bytes_roundtrip PASSED [  0%]
tests/test_agent_identity.py::TestSerialization::test_public_bytes_consistency PASSED [  0%]
tests/test_agent_identity.py::TestSerialization::test_pem_roundtrip PASSED [  0%]
tests/test_agent_identity.py::TestSerialization::test_public_pem_format PASSED [  0%]
tests/test_agent_identity.py::TestSerialization::test_pem_load_rejects_malformed PASSED [  0%]
tests/test_agent_identity.py::TestSerialization::test_pem_load_rejects_non_utf8 PASSED [  0%]
tests/test_agent_identity.py::TestAgentProofSerialization::test_to_json_from_json_roundtrip PASSED [  0%]
tests/test_agent_identity.py::TestAgentProofSerialization::test_to_dict_returns_serializable PASSED [  0%]
tests/test_agent_identity.py::TestPublicOnlyIdentity::test_from_public_bytes_creates_verify_only_identity PASSED [  0%]
tests/test_agent_identity.py::TestPublicOnlyIdentity::test_public_only_cannot_sign PASSED [  0%]
tests/test_agent_identity.py::TestPublicOnlyIdentity::test_public_only_cannot_export_private_bytes PASSED [  0%]
tests/test_agent_identity.py::TestPublicOnlyIdentity::test_public_only_can_verify_original_signatures PASSED [  0%]
tests/test_agent_identity.py::TestIdentityComparison::test_same_keys_equal PASSED [  0%]
tests/test_agent_identity.py::TestIdentityComparison::test_different_keys_not_equal PASSED [  0%]
tests/test_agent_identity.py::TestIdentityComparison::test_not_equal_to_none PASSED [  0%]
tests/test_agent_identity.py::TestAgentIdentityAuth::test_register_and_verify PASSED [  1%]
tests/test_agent_identity.py::TestAgentIdentityAuth::test_verify_proof_succeeds_for_registered_agent PASSED [  1%]
tests/test_agent_identity.py::TestAgentIdentityAuth::test_verify_proof_fails_for_unregistered_agent PASSED [  1%]
tests/test_agent_identity.py::TestAgentIdentityAuth::test_verify_proof_fails_for_tampered_proof PASSED [  1%]
tests/test_agent_identity.py::TestAgentIdentityAuth::test_unregister_removes_agent PASSED [  1%]
tests/test_agent_identity.py::TestAgentIdentityAuth::test_register_rejects_invalid_key_length PASSED [  1%]
tests/test_agent_identity.py::TestAgentIdentityAuth::test_auth_header_roundtrip PASSED [  1%]
tests/test_agent_identity.py::TestAgentIdentityAuth::test_authenticate_token_ignores_non_ed25519 PASSED [  1%]
tests/test_agent_identity.py::TestAgentIdentityAuth::test_authenticate_token_rejects_expired PASSED [  1%]
tests/test_agent_identity.py::TestAgentIdentityAuth::test_authenticate_token_malformed_base64 PASSED [  1%]
tests/test_agent_identity.py::TestAgentIdentityAuth::test_authenticate_token_valid_json_but_not_proof PASSED [  1%]
tests/test_agent_identity.py::TestAgentTier::test_tier_values PASSED     [  1%]
tests/test_ascii_surface.py::test_is_ascii_hlf_detects_ascii_source PASSED [  1%]
tests/test_ascii_surface.py::test_is_ascii_hlf_detects_glyph_source PASSED [  1%]
tests/test_ascii_surface.py::test_is_ascii_hlf_empty_returns_false PASSED [  1%]
tests/test_ascii_surface.py::test_is_ascii_hlf_only_header_returns_true PASSED [  1%]
tests/test_ascii_surface.py::test_is_ascii_hlf_if_condition PASSED       [  1%]
tests/test_ascii_surface.py::test_analyze_to_glyph PASSED                [  1%]
tests/test_ascii_surface.py::test_analyze_to_glyph_roundtrip PASSED      [  1%]
tests/test_ascii_surface.py::test_execute_to_glyph PASSED                [  1%]
tests/test_ascii_surface.py::test_execute_to_glyph_roundtrip PASSED      [  1%]
tests/test_ascii_surface.py::test_if_then_to_glyph PASSED                [  1%]
tests/test_ascii_surface.py::test_if_then_roundtrip PASSED               [  1%]
tests/test_ascii_surface.py::test_if_else_to_glyph PASSED                [  1%]
tests/test_ascii_surface.py::test_if_elif_to_glyph PASSED                [  1%]
tests/test_ascii_surface.py::test_if_endif_to_glyph PASSED               [  1%]
tests/test_ascii_surface.py::test_set_to_glyph PASSED                    [  1%]
tests/test_ascii_surface.py::test_let_to_glyph PASSED                    [  1%]
tests/test_ascii_surface.py::test_set_roundtrip PASSED                   [  1%]
tests/test_ascii_surface.py::test_define_to_glyph PASSED                 [  1%]
tests/test_ascii_surface.py::test_define_roundtrip PASSED                [  1%]
tests/test_ascii_surface.py::test_return_to_glyph PASSED                 [  1%]
tests/test_ascii_surface.py::test_return_roundtrip PASSED                [  1%]
tests/test_ascii_surface.py::test_log_to_glyph PASSED                    [  1%]
tests/test_ascii_surface.py::test_log_roundtrip PASSED                   [  1%]
tests/test_ascii_surface.py::test_parallel_to_glyph PASSED               [  1%]
tests/test_ascii_surface.py::test_parallel_roundtrip PASSED              [  1%]
tests/test_ascii_surface.py::test_constraint_to_glyph PASSED             [  1%]
tests/test_ascii_surface.py::test_constraint_roundtrip PASSED            [  1%]
tests/test_ascii_surface.py::test_assert_to_glyph PASSED                 [  1%]
tests/test_ascii_surface.py::test_assert_roundtrip PASSED                [  1%]
tests/test_ascii_surface.py::test_for_each_to_glyph PASSED               [  1%]
tests/test_ascii_surface.py::test_for_each_roundtrip PASSED              [  1%]
tests/test_ascii_surface.py::test_spec_gate_to_glyph PASSED              [  1%]
tests/test_ascii_surface.py::test_spec_gate_roundtrip PASSED             [  1%]
tests/test_ascii_surface.py::test_ascii_roundtrip_simple PASSED          [  1%]
tests/test_ascii_surface.py::test_ascii_roundtrip_multi_line PASSED      [  1%]
tests/test_ascii_surface.py::test_ascii_roundtrip_if_condition PASSED    [  1%]
tests/test_ascii_surface.py::test_ascii_compiles_through_glyph_compiler PASSED [  1%]
tests/test_ascii_surface.py::test_ascii_if_compiles_through_glyph_compiler PASSED [  2%]
tests/test_ascii_surface.py::test_ascii_set_compiles_through_glyph_compiler PASSED [  2%]
tests/test_ascii_surface.py::test_ascii_parallel_compiles_through_glyph_compiler PASSED [  2%]
tests/test_ascii_surface.py::test_ascii_define_compiles_through_glyph_compiler PASSED [  2%]
tests/test_ascii_surface.py::test_glyph_to_ascii_analyze PASSED          [  2%]
tests/test_ascii_surface.py::test_glyph_to_ascii_enforce PASSED          [  2%]
tests/test_ascii_surface.py::test_glyph_to_ascii_constraint PASSED       [  2%]
tests/test_ascii_surface.py::test_glyph_to_ascii_set PASSED              [  2%]
tests/test_ascii_surface.py::test_glyph_to_ascii_return PASSED           [  2%]
tests/test_ascii_surface.py::test_glyph_to_ascii_log PASSED              [  2%]
tests/test_ascii_surface.py::test_glyph_to_ascii_define PASSED           [  2%]
tests/test_ascii_surface.py::test_glyph_to_ascii_parallel PASSED         [  2%]
tests/test_ascii_surface.py::test_glyph_to_ascii_assert PASSED           [  2%]
tests/test_ascii_surface.py::test_ascii_with_comments PASSED             [  2%]
tests/test_ascii_surface.py::test_ascii_preserves_header PASSED          [  2%]
tests/test_ascii_surface.py::test_ascii_empty_is_handled PASSED          [  2%]
tests/test_ascii_surface.py::test_already_glyph_passes_through PASSED    [  2%]
tests/test_audit_trust_layer.py::test_audit_event_creation PASSED        [  2%]
tests/test_audit_trust_layer.py::test_audit_event_serialization PASSED   [  2%]
tests/test_audit_trust_layer.py::test_audit_event_from_dict_with_missing_keys PASSED [  2%]
tests/test_audit_trust_layer.py::test_audit_event_one_line PASSED        [  2%]
tests/test_audit_trust_layer.py::test_audit_trail_empty PASSED           [  2%]
tests/test_audit_trust_layer.py::test_audit_trail_add_event PASSED       [  2%]
tests/test_audit_trust_layer.py::test_audit_trail_chronological_ordering PASSED [  2%]
tests/test_audit_trust_layer.py::test_audit_trail_add_gate_decision_proceed PASSED [  2%]
tests/test_audit_trust_layer.py::test_audit_trail_add_gate_decision_block PASSED [  2%]
tests/test_audit_trust_layer.py::test_audit_trail_add_gate_decision_warn PASSED [  2%]
tests/test_audit_trust_layer.py::test_audit_trail_add_provenance_event PASSED [  2%]
tests/test_audit_trust_layer.py::test_audit_trail_add_provenance_trust_boundary PASSED [  2%]
tests/test_audit_trust_layer.py::test_audit_trail_events_by_persona PASSED [  2%]
tests/test_audit_trust_layer.py::test_audit_trail_events_by_type PASSED  [  2%]
tests/test_audit_trust_layer.py::test_audit_trail_to_markdown PASSED     [  2%]
tests/test_audit_trust_layer.py::test_audit_trail_to_html PASSED         [  2%]
tests/test_audit_trust_layer.py::test_summarize_audit PASSED             [  2%]
tests/test_audit_trust_layer.py::test_summarize_audit_empty PASSED       [  2%]
tests/test_audit_trust_layer.py::test_audit_to_html_wrapper PASSED       [  2%]
tests/test_audit_trust_layer.py::test_generate_execution_audit_with_provenance PASSED [  2%]
tests/test_audit_trust_layer.py::test_generate_execution_audit_with_verification PASSED [  2%]
tests/test_audit_trust_layer.py::test_generate_execution_audit_empty_inputs PASSED [  2%]
tests/test_audit_trust_layer.py::test_generate_execution_audit_trust_degradation PASSED [  2%]
tests/test_audit_trust_layer.py::test_generate_execution_audit_boundary_crossing PASSED [  2%]
tests/test_audit_trust_layer.py::test_generate_execution_audit_verification_failures PASSED [  2%]
tests/test_audit_trust_layer.py::test_trust_edge_creation PASSED         [  2%]
tests/test_audit_trust_layer.py::test_trust_edge_invalid_level PASSED    [  2%]
tests/test_audit_trust_layer.py::test_trust_edge_serialization PASSED    [  2%]
tests/test_audit_trust_layer.py::test_trust_edge_from_dict_defaults PASSED [  2%]
tests/test_audit_trust_layer.py::test_trust_surface_add_remove_edge PASSED [  2%]
tests/test_audit_trust_layer.py::test_trust_surface_remove_nonexistent_edge PASSED [  2%]
tests/test_audit_trust_layer.py::test_trust_surface_get_edges_from PASSED [  2%]
tests/test_audit_trust_layer.py::test_trust_surface_get_edges_to PASSED  [  3%]
tests/test_audit_trust_layer.py::test_validate_trust_chain_valid PASSED  [  3%]
tests/test_audit_trust_layer.py::test_validate_trust_chain_invalid PASSED [  3%]
tests/test_audit_trust_layer.py::test_validate_trust_chain_same_component PASSED [  3%]
tests/test_audit_trust_layer.py::test_validate_trust_chain_insufficient_level PASSED [  3%]
tests/test_audit_trust_layer.py::test_validate_trust_chain_weakest_link PASSED [  3%]
tests/test_audit_trust_layer.py::test_compute_trust_surface PASSED       [  3%]
tests/test_audit_trust_layer.py::test_find_trust_violations_high_trust_boundary PASSED [  3%]
tests/test_audit_trust_layer.py::test_find_trust_violations_no_evidence PASSED [  3%]
tests/test_audit_trust_layer.py::test_find_trust_violations_conditional_no_conditions PASSED [  3%]
tests/test_audit_trust_layer.py::test_find_trust_violations_circular PASSED [  3%]
tests/test_audit_trust_layer.py::test_trust_surface_to_dot PASSED        [  3%]
tests/test_audit_trust_layer.py::test_trust_surface_serialization PASSED [  3%]
tests/test_audit_trust_layer.py::test_build_default_trust_surface PASSED [  3%]
tests/test_audit_trust_layer.py::test_build_default_trust_surface_validates_chain PASSED [  3%]
tests/test_audit_trust_layer.py::test_validate_trust_against_constitution PASSED [  3%]
tests/test_audit_trust_layer.py::test_review_record_creation PASSED      [  3%]
tests/test_audit_trust_layer.py::test_review_record_is_well_formed PASSED [  3%]
tests/test_audit_trust_layer.py::test_review_record_serialization PASSED [  3%]
tests/test_audit_trust_layer.py::test_prove_review_completeness_complete PASSED [  3%]
tests/test_audit_trust_layer.py::test_prove_review_completeness_incomplete PASSED [  3%]
tests/test_audit_trust_layer.py::test_prove_review_completeness_empty_checks PASSED [  3%]
tests/test_audit_trust_layer.py::test_generate_review_checklist_known_types PASSED [  3%]
tests/test_audit_trust_layer.py::test_generate_review_checklist_unknown_type PASSED [  3%]
tests/test_audit_trust_layer.py::test_audit_review_gaps_no_records PASSED [  3%]
tests/test_audit_trust_layer.py::test_audit_review_gaps_rejected_and_incomplete PASSED [  3%]
tests/test_audit_trust_layer.py::test_review_proof_to_markdown PASSED    [  3%]
tests/test_audit_trust_layer.py::test_generate_review_proof_markdown_wrapper PASSED [  3%]
tests/test_audit_trust_layer.py::test_review_proof_serialization PASSED  [  3%]
tests/test_audit_trust_layer.py::test_audit_diff_basic PASSED            [  3%]
tests/test_audit_trust_layer.py::test_audit_diff_modified PASSED         [  3%]
tests/test_audit_trust_layer.py::test_audit_diff_empty_trails PASSED     [  3%]
tests/test_audit_trust_layer.py::test_audit_diff_sequence PASSED         [  3%]
tests/test_audit_trust_layer.py::test_audit_diff_summary PASSED          [  3%]
tests/test_audit_trust_layer.py::test_audit_diff_render_markdown PASSED  [  3%]
tests/test_audit_trust_layer.py::test_audit_diff_render_html PASSED      [  3%]
tests/test_audit_trust_layer.py::test_audit_diff_anomalies_trust_degradation PASSED [  3%]
tests/test_audit_trust_layer.py::test_audit_diff_anomalies_mass_removal PASSED [  3%]
tests/test_audit_trust_layer.py::test_trust_debt_assess_violations PASSED [  3%]
tests/test_audit_trust_layer.py::test_trust_debt_calculate_current_debt PASSED [  3%]
tests/test_audit_trust_layer.py::test_trust_debt_aging_report PASSED     [  3%]
tests/test_audit_trust_layer.py::test_trust_debt_paydown_priorities PASSED [  3%]
tests/test_audit_trust_layer.py::test_trust_debt_timeline PASSED         [  3%]
tests/test_audit_trust_layer.py::test_trust_debt_resolve PASSED          [  3%]
tests/test_audit_trust_layer.py::test_trust_debt_compound_interest_math PASSED [  3%]
tests/test_audit_trust_layer.py::test_trust_debt_empty_items PASSED      [  3%]
tests/test_audit_trust_layer.py::test_remediation_generate_plan PASSED   [  3%]
tests/test_audit_trust_layer.py::test_remediation_topological_sort PASSED [  3%]
tests/test_audit_trust_layer.py::test_remediation_critical_path PASSED   [  3%]
tests/test_audit_trust_layer.py::test_remediation_progress_report PASSED [  3%]
tests/test_audit_trust_layer.py::test_remediation_merge_plans PASSED     [  4%]
tests/test_audit_trust_layer.py::test_remediation_estimate_completion PASSED [  4%]
tests/test_audit_trust_layer.py::test_remediation_cycle_handling PASSED  [  4%]
tests/test_audit_trust_layer.py::test_remediation_task_serialization PASSED [  4%]
tests/test_audit_trust_layer.py::test_remediation_empty_gaps PASSED      [  4%]
tests/test_audit_trust_layer.py::test_trust_trending_add_snapshot PASSED [  4%]
tests/test_audit_trust_layer.py::test_trust_trending_analyze_improving PASSED [  4%]
tests/test_audit_trust_layer.py::test_trust_trending_analyze_degrading PASSED [  4%]
tests/test_audit_trust_layer.py::test_trust_trending_analyze_stable PASSED [  4%]
tests/test_audit_trust_layer.py::test_trust_trending_check_alerts_degradation PASSED [  4%]
tests/test_audit_trust_layer.py::test_trust_trending_check_alerts_spike PASSED [  4%]
tests/test_audit_trust_layer.py::test_trust_trending_forecast PASSED     [  4%]
tests/test_audit_trust_layer.py::test_trust_trending_compare_periods PASSED [  4%]
tests/test_audit_trust_layer.py::test_trust_trending_export_dashboard PASSED [  4%]
tests/test_audit_trust_layer.py::test_two_channel_executor_with_audit_trail PASSED [  4%]
tests/test_audit_trust_layer.py::test_end_to_end_audit_pipeline PASSED   [  4%]
tests/test_audit_trust_layer.py::test_end_to_end_with_trust_degradation_and_boundary PASSED [  4%]
tests/test_audit_trust_layer.py::test_audit_trail_summarize_verdict_blocked PASSED [  4%]
tests/test_audit_trust_layer.py::test_audit_trail_summarize_verdict_warning PASSED [  4%]
tests/test_audit_trust_layer.py::test_audit_trail_summarize_no_gate PASSED [  4%]
tests/test_audit_trust_layer.py::test_trust_surface_bidirectional_edge PASSED [  4%]
tests/test_audit_trust_layer.py::test_audit_review_gaps_stale_reviews PASSED [  4%]
tests/test_audit_trust_layer.py::test_prove_review_completeness_counterexample_structure PASSED [  4%]
tests/test_authority_surface.py::test_authority_matrix_distinguishes_all_required_lanes PASSED [  4%]
tests/test_authority_surface.py::test_authority_surface_uses_repo_relative_authorities PASSED [  4%]
tests/test_authority_surface.py::test_downstream_guidance_names_restore_and_internal_hlf_constraints PASSED [  4%]
tests/test_backend_benchmark.py::TestWilsonScoreInterval::test_perfect_correct PASSED [  4%]
tests/test_backend_benchmark.py::TestWilsonScoreInterval::test_perfect_wrong PASSED [  4%]
tests/test_backend_benchmark.py::TestWilsonScoreInterval::test_half_correct PASSED [  4%]
tests/test_backend_benchmark.py::TestWilsonScoreInterval::test_zero_trials PASSED [  4%]
tests/test_backend_benchmark.py::TestWilsonScoreInterval::test_single_trial_success PASSED [  4%]
tests/test_backend_benchmark.py::TestWilsonScoreInterval::test_large_sample PASSED [  4%]
tests/test_backend_benchmark.py::TestCohensD::test_identical_samples PASSED [  4%]
tests/test_backend_benchmark.py::TestCohensD::test_large_effect PASSED   [  4%]
tests/test_backend_benchmark.py::TestCohensD::test_small_effect PASSED   [  4%]
tests/test_backend_benchmark.py::TestCohensD::test_empty_samples PASSED  [  4%]
tests/test_backend_benchmark.py::TestCohensD::test_single_element PASSED [  4%]
tests/test_backend_benchmark.py::TestCohensD::test_b_beats_a PASSED      [  4%]
tests/test_backend_benchmark.py::TestPairedTTest::test_identical_scores PASSED [  4%]
tests/test_backend_benchmark.py::TestPairedTTest::test_very_different_scores PASSED [  4%]
tests/test_backend_benchmark.py::TestPairedTTest::test_unequal_lengths PASSED [  4%]
tests/test_backend_benchmark.py::TestPairedTTest::test_insufficient_data PASSED [  4%]
tests/test_backend_benchmark.py::TestNormalCDF::test_zero PASSED         [  4%]
tests/test_backend_benchmark.py::TestNormalCDF::test_positive PASSED     [  4%]
tests/test_backend_benchmark.py::TestNormalCDF::test_negative PASSED     [  4%]
tests/test_backend_benchmark.py::TestNormalCDF::test_monotonic PASSED    [  4%]
tests/test_backend_benchmark.py::TestScoring::test_perfect_keyword_match PASSED [  4%]
tests/test_backend_benchmark.py::TestScoring::test_partial_keyword_match PASSED [  4%]
tests/test_backend_benchmark.py::TestScoring::test_no_keyword_match PASSED [  4%]
tests/test_backend_benchmark.py::TestScoring::test_hallucination_detected PASSED [  5%]
tests/test_backend_benchmark.py::TestScoring::test_case_insensitive_keywords PASSED [  5%]
tests/test_backend_benchmark.py::TestScoring::test_empty_reference_keywords PASSED [  5%]
tests/test_backend_benchmark.py::TestCompareBackends::test_clear_winner PASSED [  5%]
tests/test_backend_benchmark.py::TestCompareBackends::test_tie PASSED    [  5%]
tests/test_backend_benchmark.py::TestCompareBackends::test_effect_size_reported PASSED [  5%]
tests/test_backend_benchmark.py::TestCompareBackends::test_confidence_intervals PASSED [  5%]
tests/test_backend_benchmark.py::TestCompareBackends::test_all_correct_both PASSED [  5%]
tests/test_backend_benchmark.py::TestCompareBackends::test_all_wrong_both PASSED [  5%]
tests/test_backend_benchmark.py::TestBackendBenchmark::test_run_with_mock_backends PASSED [  5%]
tests/test_backend_benchmark.py::TestBackendBenchmark::test_ranking_perfect_wins PASSED [  5%]
tests/test_backend_benchmark.py::TestBackendBenchmark::test_ranking_ties PASSED [  5%]
tests/test_backend_benchmark.py::TestBackendBenchmark::test_hallucinating_backend_ranks_low PASSED [  5%]
tests/test_backend_benchmark.py::TestBackendBenchmark::test_multiple_domains PASSED [  5%]
tests/test_backend_benchmark.py::TestBackendBenchmark::test_promote_winner_writes_hks PASSED [  5%]
tests/test_backend_benchmark.py::TestBackendBenchmark::test_export_results PASSED [  5%]
tests/test_backend_benchmark.py::TestEdgeCases::test_empty_prompts PASSED [  5%]
tests/test_backend_benchmark.py::TestEdgeCases::test_single_backend PASSED [  5%]
tests/test_backend_benchmark.py::TestEdgeCases::test_backend_error_handling PASSED [  5%]
tests/test_backend_benchmark.py::TestEdgeCases::test_empty_hallucination_keywords PASSED [  5%]
tests/test_backend_benchmark.py::TestEdgeCases::test_ranking_empty_domain PASSED [  5%]
tests/test_backend_benchmark.py::TestEdgeCases::test_promote_winner_no_hks_path PASSED [  5%]
tests/test_backend_benchmark.py::TestThreeWayMedicalBenchmark::test_three_backend_medical_comparison PASSED [  5%]
tests/test_benchmark.py::test_scale_curve_returns_crossover PASSED       [  5%]
tests/test_benchmark.py::test_benchmark_suite_includes_all_categories PASSED [  5%]
tests/test_benchmark.py::test_benchmark_suite_with_live_translator PASSED [  5%]
tests/test_benchmark.py::test_real_workflow_benchmark PASSED             [  5%]
tests/test_benchmark.py::test_complex_workflow_hlf_governance_first PASSED [  5%]
tests/test_benchmark_multilingual.py::test_multilingual_matrix_defaults_include_chinese_with_full_domain_coverage PASSED [  5%]
tests/test_benchmark_multilingual.py::test_language_comparison_summary_ranks_only_measured_languages PASSED [  5%]
tests/test_benchmark_multilingual.py::test_multilingual_matrix_rejects_unimplemented_language_lanes PASSED [  5%]
tests/test_benchmark_multilingual.py::test_translation_memory_retrieval_matrix_reports_chinese_quality PASSED [  5%]
tests/test_bytecode_roundtrip.py::test_bytecode_roundtrip_preserves_multi_operand_and_wide_instructions PASSED [  5%]
tests/test_capability_manifest.py::TestCapabilityManifestCreation::test_empty_manifest PASSED [  5%]
tests/test_capability_manifest.py::TestCapabilityManifestCreation::test_manifest_with_effects PASSED [  5%]
tests/test_capability_manifest.py::TestCapabilityManifestCreation::test_compiled_at_defaults_to_iso PASSED [  5%]
tests/test_capability_manifest.py::TestCapabilityManifestCreation::test_compiled_at_custom PASSED [  5%]
tests/test_capability_manifest.py::TestManifestCheck::test_empty_manifest_passes_any PASSED [  5%]
tests/test_capability_manifest.py::TestManifestCheck::test_check_subset_passes PASSED [  5%]
tests/test_capability_manifest.py::TestManifestCheck::test_check_exact_match_passes PASSED [  5%]
tests/test_capability_manifest.py::TestManifestCheck::test_check_missing_capability_fails PASSED [  5%]
tests/test_capability_manifest.py::TestManifestCheck::test_check_no_capabilities_fails PASSED [  5%]
tests/test_capability_manifest.py::TestManifestCheck::test_check_empty_manifest_with_any_caps PASSED [  5%]
tests/test_capability_manifest.py::TestTrustTierCheck::test_check_tier[advisory-sovereign-False] PASSED [  5%]
tests/test_capability_manifest.py::TestTrustTierCheck::test_check_tier[advisory-untrusted-False] PASSED [  5%]
tests/test_capability_manifest.py::TestTrustTierCheck::test_check_tier[advisory-advisory-True] PASSED [  5%]
tests/test_capability_manifest.py::TestTrustTierCheck::test_check_tier[advisory-forge-True] PASSED [  5%]
tests/test_capability_manifest.py::TestTrustTierCheck::test_check_tier[advisory-approved-True] PASSED [  5%]
tests/test_capability_manifest.py::TestTrustTierCheck::test_check_tier[advisory-hearth-True] PASSED [  5%]
tests/test_capability_manifest.py::TestTrustTierCheck::test_check_tier[approved-advisory-False] PASSED [  6%]
tests/test_capability_manifest.py::TestTrustTierCheck::test_check_tier[approved-watched-False] PASSED [  6%]
tests/test_capability_manifest.py::TestTrustTierCheck::test_check_tier[approved-approved-True] PASSED [  6%]
tests/test_capability_manifest.py::TestTrustTierCheck::test_check_tier[approved-trusted-True] PASSED [  6%]
tests/test_capability_manifest.py::TestTrustTierCheck::test_check_tier[approved-hearth-True] PASSED [  6%]
tests/test_capability_manifest.py::TestTrustTierCheck::test_check_tier[trusted-approved-False] PASSED [  6%]
tests/test_capability_manifest.py::TestTrustTierCheck::test_check_tier[trusted-trusted-True] PASSED [  6%]
tests/test_capability_manifest.py::TestTrustTierCheck::test_check_tier[trusted-hearth-True] PASSED [  6%]
tests/test_capability_manifest.py::TestTrustTierCheck::test_check_tier[hearth-hearth-True] PASSED [  6%]
tests/test_capability_manifest.py::TestTrustTierCheck::test_check_tier[hearth-trusted-False] PASSED [  6%]
tests/test_capability_manifest.py::TestTrustTierCheck::test_check_tier[hearth-sovereign-False] PASSED [  6%]
tests/test_capability_manifest.py::TestTrustTierCheck::test_check_tier[forge-advisory-False] PASSED [  6%]
tests/test_capability_manifest.py::TestTrustTierCheck::test_check_tier[forge-forge-True] PASSED [  6%]
tests/test_capability_manifest.py::TestTrustTierCheck::test_check_tier[forge-watched-True] PASSED [  6%]
tests/test_capability_manifest.py::TestTrustTierCheck::test_check_tier[watched-forge-False] PASSED [  6%]
tests/test_capability_manifest.py::TestTrustTierCheck::test_check_tier[watched-watched-True] PASSED [  6%]
tests/test_capability_manifest.py::TestTrustTierCheck::test_check_tier[watched-approved-True] PASSED [  6%]
tests/test_capability_manifest.py::TestTrustTierCheck::test_unknown_program_tier_defaults_low PASSED [  6%]
tests/test_capability_manifest.py::TestTrustTierCheck::test_unknown_session_tier_defaults_low PASSED [  6%]
tests/test_capability_manifest.py::TestFullCheck::test_full_check_all_pass PASSED [  6%]
tests/test_capability_manifest.py::TestFullCheck::test_full_check_capability_fail PASSED [  6%]
tests/test_capability_manifest.py::TestFullCheck::test_full_check_tier_fail PASSED [  6%]
tests/test_capability_manifest.py::TestFullCheck::test_full_check_both_fail PASSED [  6%]
tests/test_capability_manifest.py::TestManifestSerialization::test_to_dict_empty PASSED [  6%]
tests/test_capability_manifest.py::TestManifestSerialization::test_to_dict_with_effects PASSED [  6%]
tests/test_capability_manifest.py::TestManifestSerialization::test_json_round_trip_empty PASSED [  6%]
tests/test_capability_manifest.py::TestManifestSerialization::test_json_round_trip_with_effects PASSED [  6%]
tests/test_capability_manifest.py::TestManifestSerialization::test_json_round_trip_with_contracts PASSED [  6%]
tests/test_capability_manifest.py::TestManifestSerialization::test_json_round_trip_with_proof_surfaces PASSED [  6%]
tests/test_capability_manifest.py::TestManifestSerialization::test_from_dict_handles_malformed_effects PASSED [  6%]
tests/test_capability_manifest.py::TestManifestSigning::test_sign_produces_consistent_hash PASSED [  6%]
tests/test_capability_manifest.py::TestManifestSigning::test_sign_with_key_produces_different_hash PASSED [  6%]
tests/test_capability_manifest.py::TestManifestSigning::test_sign_with_same_key_is_consistent PASSED [  6%]
tests/test_capability_manifest.py::TestManifestSigning::test_sign_with_different_keys_differ PASSED [  6%]
tests/test_capability_manifest.py::TestManifestSigning::test_verify_signature PASSED [  6%]
tests/test_capability_manifest.py::TestManifestSigning::test_verify_signature_wrong_key_fails PASSED [  6%]
tests/test_capability_manifest.py::TestManifestSigning::test_verify_signature_tampered_manifest_fails PASSED [  6%]
tests/test_capability_manifest.py::TestManifestSigning::test_sign_changes_when_manifest_changes PASSED [  6%]
tests/test_capability_manifest.py::TestManifestSigning::test_canonical_json_is_deterministic PASSED [  6%]
tests/test_capability_manifest.py::TestEffectExtraction::test_simple_program_produces_manifest PASSED [  6%]
tests/test_capability_manifest.py::TestEffectExtraction::test_program_id_from_source PASSED [  6%]
tests/test_capability_manifest.py::TestEffectExtraction::test_program_id_without_source PASSED [  6%]
tests/test_capability_manifest.py::TestEffectExtraction::test_tool_stmt_extracts_effect PASSED [  6%]
tests/test_capability_manifest.py::TestEffectExtraction::test_tool_web_search_requires_network PASSED [  6%]
tests/test_capability_manifest.py::TestEffectExtraction::test_tool_file_read_requires_filesystem PASSED [  6%]
tests/test_capability_manifest.py::TestEffectExtraction::test_tool_file_write_requires_filesystem PASSED [  6%]
tests/test_capability_manifest.py::TestEffectExtraction::test_multi_effect_program PASSED [  6%]
tests/test_capability_manifest.py::TestEffectExtraction::test_glyph_tag_mapping PASSED [  6%]
tests/test_capability_manifest.py::TestEffectExtraction::test_block_body_extraction PASSED [  6%]
tests/test_capability_manifest.py::TestEffectExtraction::test_manifest_has_compiled_at PASSED [  6%]
tests/test_capability_manifest.py::TestEffectExtraction::test_manifest_has_compiler_version PASSED [  7%]
tests/test_capability_manifest.py::TestEffectExtraction::test_trust_tier_local_analysis PASSED [  7%]
tests/test_capability_manifest.py::TestEffectExtraction::test_trust_tier_web_search PASSED [  7%]
tests/test_capability_manifest.py::TestEffectExtraction::test_trust_tier_exec PASSED [  7%]
tests/test_capability_manifest.py::TestEffectExtraction::test_extract_input_contracts PASSED [  7%]
tests/test_capability_manifest.py::TestEffectExtraction::test_extract_proof_surfaces PASSED [  7%]
tests/test_capability_manifest.py::TestEffectExtraction::test_empty_program PASSED [  7%]
tests/test_capability_manifest.py::TestCompilerIntegration::test_compile_and_manifest PASSED [  7%]
tests/test_capability_manifest.py::TestCompilerIntegration::test_extract_manifest_without_compile_raises PASSED [  7%]
tests/test_capability_manifest.py::TestCompilerIntegration::test_compile_and_manifest_returns_consistent_program_id PASSED [  7%]
tests/test_capability_manifest.py::TestCompilerIntegration::test_compile_and_manifest_different_programs PASSED [  7%]
tests/test_capability_manifest.py::TestCompilerIntegration::test_compile_then_extract_manifest PASSED [  7%]
tests/test_capability_manifest.py::TestCapabilityGating::test_program_needing_network_fails_without_network PASSED [  7%]
tests/test_capability_manifest.py::TestCapabilityGating::test_program_needing_network_passes_with_network PASSED [  7%]
tests/test_capability_manifest.py::TestCapabilityGating::test_program_needing_exec_fails_without_exec PASSED [  7%]
tests/test_capability_manifest.py::TestCapabilityGating::test_program_needing_exec_passes_with_exec PASSED [  7%]
tests/test_capability_manifest.py::TestCapabilityGating::test_multi_capability_all_required PASSED [  7%]
tests/test_capability_manifest.py::TestVerificationGateIntegration::test_manifest_informs_gate_decision PASSED [  7%]
tests/test_capability_manifest.py::TestVerificationGateIntegration::test_manifest_check_with_verification_gate PASSED [  7%]
tests/test_capability_manifest.py::TestVerificationGateIntegration::test_manifest_blocks_when_verification_passes PASSED [  7%]
tests/test_capability_manifest.py::TestHelperFunctions::test_determine_trust_tier_empty PASSED [  7%]
tests/test_capability_manifest.py::TestHelperFunctions::test_determine_trust_tier_local PASSED [  7%]
tests/test_capability_manifest.py::TestHelperFunctions::test_determine_trust_tier_mixed PASSED [  7%]
tests/test_capability_manifest.py::TestHelperFunctions::test_determine_trust_tier_hearth PASSED [  7%]
tests/test_capability_manifest.py::TestHelperFunctions::test_collect_capabilities_empty PASSED [  7%]
tests/test_capability_manifest.py::TestHelperFunctions::test_collect_capabilities_filters_local PASSED [  7%]
tests/test_capability_manifest.py::TestHelperFunctions::test_collect_capabilities_multiple PASSED [  7%]
tests/test_capability_manifest.py::TestHelperFunctions::test_trust_tier_order_hearth_is_strictest PASSED [  7%]
tests/test_capability_manifest.py::TestHelperFunctions::test_trust_tier_order_sovereign_is_lowest PASSED [  7%]
tests/test_capability_manifest.py::TestEffectToCapabilityMapping::test_all_effect_classes_have_capability PASSED [  7%]
tests/test_capability_manifest.py::TestEffectToCapabilityMapping::test_all_effect_classes_have_trust_tier PASSED [  7%]
tests/test_capability_manifest.py::TestExhaustiveASTWalk::test_glyph_stmt_extracted PASSED [  7%]
tests/test_capability_manifest.py::TestExhaustiveASTWalk::test_tool_stmt_extracted PASSED [  7%]
tests/test_capability_manifest.py::TestExhaustiveASTWalk::test_call_stmt_extracted PASSED [  7%]
tests/test_capability_manifest.py::TestExhaustiveASTWalk::test_set_stmt_no_false_effect PASSED [  7%]
tests/test_capability_manifest.py::TestExhaustiveASTWalk::test_for_loop_body_extracted PASSED [  7%]
tests/test_capability_manifest.py::TestExhaustiveASTWalk::test_parallel_block_extracted PASSED [  7%]
tests/test_capability_manifest.py::TestExhaustiveASTWalk::test_func_block_body_extracted PASSED [  7%]
tests/test_capability_manifest.py::TestEdgeCases::test_none_ast_handled PASSED [  7%]
tests/test_capability_manifest.py::TestEdgeCases::test_deeply_nested_ast PASSED [  7%]
tests/test_capability_manifest.py::TestEdgeCases::test_manifest_is_always_produced PASSED [  7%]
tests/test_capability_manifest.py::TestEdgeCases::test_manifest_check_with_none_capabilities PASSED [  7%]
tests/test_capsule_pointer_trust.py::test_pointer_helper_round_trip_with_content_binding PASSED [  7%]
tests/test_capsule_pointer_trust.py::test_capsule_validate_ast_blocks_untrusted_pointer_literal PASSED [  7%]
tests/test_capsule_pointer_trust.py::test_runtime_analyze_rejects_untrusted_pointer_when_enforced PASSED [  7%]
tests/test_capsule_pointer_trust.py::test_runtime_analyze_accepts_registered_pointer_and_uses_content PASSED [  7%]
tests/test_capsule_pointer_trust.py::test_runtime_analyze_rejects_pointer_for_routing_evidence_without_provenance PASSED [  7%]
tests/test_capsule_pointer_trust.py::test_memory_store_returns_pointer_contract PASSED [  7%]
tests/test_capsule_pointer_trust.py::test_pointer_validate_tool_reports_hash_mismatch PASSED [  7%]
tests/test_capsule_pointer_trust.py::test_capsule_validate_requires_approval_for_tier_escalation PASSED [  8%]
tests/test_capsule_pointer_trust.py::test_capsule_validate_accepts_matching_approval_for_tier_escalation PASSED [  8%]
tests/test_capsule_pointer_trust.py::test_capsule_run_returns_structured_approval_required_status PASSED [  8%]
tests/test_capsule_pointer_trust.py::test_capsule_review_queue_persists_and_approves_request PASSED [  8%]
tests/test_capsule_pointer_trust.py::test_capsule_review_decide_rejects_bad_token PASSED [  8%]
tests/test_capsule_pointer_trust.py::test_host_call_requires_and_accepts_tier_escalation_approval PASSED [  8%]
tests/test_capsule_pointer_trust.py::test_runtime_execution_returns_audit_chain_entries PASSED [  8%]
tests/test_capsule_pointer_trust.py::test_persist_execution_admission_records_pointer_trust_failure PASSED [  8%]
tests/test_capsule_pointer_trust.py::test_capsule_run_persists_execution_admission_into_governed_route PASSED [  8%]
tests/test_capsule_pointer_trust.py::test_capsule_run_denies_elevated_execution_without_admitted_hks_contract PASSED [  8%]
tests/test_capsule_pointer_trust.py::test_capsule_run_persists_delegation_and_handoff_lineage PASSED [  8%]
tests/test_capsule_pointer_trust.py::test_capsule_run_denies_when_verifier_finds_counterexample PASSED [  8%]
tests/test_capsule_pointer_trust.py::test_capsule_run_allows_when_verifier_proves_packaged_constraints PASSED [  8%]
tests/test_capsule_pointer_trust.py::test_capsule_run_routes_verifier_review_into_approval_and_witness_status PASSED [  8%]
tests/test_capsule_pointer_trust.py::test_capsule_run_denies_when_restricted_witness_state_blocks_routing PASSED [  8%]
tests/test_capsule_pointer_trust.py::test_memory_store_returns_audit_chain_entry PASSED [  8%]
tests/test_capsule_pointer_trust.py::test_governed_recall_pointer_resolution_and_capsule_trust_interact_deterministically PASSED [  8%]
tests/test_chaos.py::TestOOMResilience::test_oom_during_recursive_infer_returns_aborted FAILED [  8%]
tests/test_chaos.py::TestOOMResilience::test_oom_produces_partial_merkle_chain FAILED [  8%]
tests/test_chaos.py::TestOOMResilience::test_oom_rounds_completed_is_zero FAILED [  8%]
tests/test_chaos.py::TestOOMResilience::test_oom_session_unload_is_called FAILED [  8%]
tests/test_chaos.py::TestOOMResilience::test_oom_final_text_contains_aborted_marker FAILED [  8%]
tests/test_chaos.py::TestOOMResilience::test_oom_details_contain_traceback FAILED [  8%]
tests/test_chaos.py::TestGenericCUDAResilience::test_runtime_error_with_oom_string_is_aborted FAILED [  8%]
tests/test_chaos.py::TestGenericCUDAResilience::test_cuda_assertion_error_is_aborted FAILED [  8%]
tests/test_chaos.py::TestGenericCUDAResilience::test_non_cuda_exception_is_not_marked_oom FAILED [  8%]
tests/test_chaos.py::TestGenericCUDAResilience::test_session_unload_called_on_generic_error FAILED [  8%]
tests/test_chaos.py::TestNormalPathRegression::test_normal_inference_still_succeeds FAILED [  8%]
tests/test_chaos.py::TestNormalPathRegression::test_normal_inference_attestations_present FAILED [  8%]
tests/test_chaos.py::TestChaosMemoryManagement::test_load_all_not_called_if_oom_before_inference FAILED [  8%]
tests/test_chaos.py::TestOOMWithHITL::test_oom_with_human_approval_required_returns_aborted_not_awaiting FAILED [  8%]
tests/test_code_bearing_execution.py::test_function_block_executes_in_hlf_vm_sandbox PASSED [  8%]
tests/test_code_bearing_execution.py::test_hlf_code_glyph_body_executes_when_language_is_hlf PASSED [  8%]
tests/test_code_bearing_execution.py::test_non_hlf_code_payload_is_compile_only_not_faked PASSED [  8%]
tests/test_code_bearing_execution.py::test_code_bearing_dry_run_returns_governed_result_without_execution PASSED [  8%]
tests/test_codegen.py::test_codegen_builds_packaged_v3_source PASSED     [  8%]
tests/test_codegen.py::test_codegen_build_and_compile_returns_ast PASSED [  8%]
tests/test_codegen.py::test_codegen_build_target_artifact_returns_runtime_ready_bytecode_contract PASSED [  8%]
tests/test_codegen.py::test_codegen_build_target_artifact_rejects_unknown_target PASSED [  8%]
tests/test_compatibility_matrix.py::TestCompatibilityMatrixEntry::test_default_all_false PASSED [  8%]
tests/test_compatibility_matrix.py::TestCompatibilityMatrixEntry::test_full_entry_all_true PASSED [  8%]
tests/test_compatibility_matrix.py::TestCompatibilityMatrixEntry::test_to_dict PASSED [  8%]
tests/test_compatibility_matrix.py::TestCompatibilityMatrixEntry::test_from_dict_roundtrip PASSED [  8%]
tests/test_compatibility_matrix.py::TestCompatibilityMatrixEntry::test_minimal_entry PASSED [  8%]
tests/test_compatibility_matrix.py::TestCompatibilityMatrix::test_matrix_has_five_languages PASSED [  8%]
tests/test_compatibility_matrix.py::TestCompatibilityMatrix::test_get_supported_languages PASSED [  8%]
tests/test_compatibility_matrix.py::TestCompatibilityMatrix::test_get_feature_coverage_python PASSED [  8%]
tests/test_compatibility_matrix.py::TestCompatibilityMatrix::test_get_feature_coverage_java PASSED [  8%]
tests/test_compatibility_matrix.py::TestCompatibilityMatrix::test_get_feature_coverage_rust PASSED [  8%]
tests/test_compatibility_matrix.py::TestCompatibilityMatrix::test_get_feature_coverage_go PASSED [  9%]
tests/test_compatibility_matrix.py::TestCompatibilityMatrix::test_get_feature_coverage_case_insensitive PASSED [  9%]
tests/test_compatibility_matrix.py::TestCompatibilityMatrix::test_get_feature_coverage_unknown_returns_empty PASSED [  9%]
tests/test_compatibility_matrix.py::TestCompatibilityMatrix::test_get_entry_returns_none_for_unknown PASSED [  9%]
tests/test_compatibility_matrix.py::TestCompatibilityMatrix::test_get_entry_returns_entry_for_known PASSED [  9%]
tests/test_compatibility_matrix.py::TestCompatibilityMatrix::test_languages_with_feature_mcp_client PASSED [  9%]
tests/test_compatibility_matrix.py::TestCompatibilityMatrix::test_languages_with_feature_sdk_gen PASSED [  9%]
tests/test_compatibility_matrix.py::TestCompatibilityMatrix::test_feature_coverage_summary PASSED [  9%]
tests/test_compatibility_matrix.py::TestCompatibilityMatrix::test_iteration PASSED [  9%]
tests/test_compatibility_matrix.py::TestMarkdownRendering::test_render_markdown_table_has_headers PASSED [  9%]
tests/test_compatibility_matrix.py::TestMarkdownRendering::test_render_markdown_table_has_separator PASSED [  9%]
tests/test_compatibility_matrix.py::TestMarkdownRendering::test_render_markdown_table_has_all_languages PASSED [  9%]
tests/test_compatibility_matrix.py::TestMarkdownRendering::test_render_markdown_uses_checkmarks PASSED [  9%]
tests/test_compatibility_matrix.py::TestMarkdownRendering::test_render_compact_has_fewer_columns PASSED [  9%]
tests/test_compatibility_matrix.py::TestJSONRendering::test_render_json_matrix_is_valid_json PASSED [  9%]
tests/test_compatibility_matrix.py::TestJSONRendering::test_render_json_matrix_has_all_entries PASSED [  9%]
tests/test_compatibility_matrix.py::TestJSONRendering::test_render_json_matrix_entries_have_language PASSED [  9%]
tests/test_compatibility_matrix.py::TestJSONRendering::test_json_matrix_python_full_support PASSED [  9%]
tests/test_compiler.py::test_compile_hello_world PASSED                  [  9%]
tests/test_compiler.py::test_compile_security_audit PASSED               [  9%]
tests/test_compiler.py::test_compile_delegation PASSED                   [  9%]
tests/test_compiler.py::test_compile_routing_with_var_ref PASSED         [  9%]
tests/test_compiler.py::test_compile_set_statement PASSED                [  9%]
tests/test_compiler.py::test_compile_spec_statements PASSED              [  9%]
tests/test_compiler.py::test_compile_float_value PASSED                  [  9%]
tests/test_compiler.py::test_compile_version_extracted PASSED            [  9%]
tests/test_compiler.py::test_compile_versioned_header PASSED             [  9%]
tests/test_compiler.py::test_compile_node_count PASSED                   [  9%]
tests/test_compiler.py::test_compile_gas_estimate_positive PASSED        [  9%]
tests/test_compiler.py::test_compile_human_readable_present PASSED       [  9%]
tests/test_compiler.py::test_compile_sha256_present PASSED               [  9%]
tests/test_compiler.py::test_compile_invalid_source_raises PASSED        [  9%]
tests/test_compiler.py::test_compile_missing_terminator_raises PASSED    [  9%]
tests/test_compiler.py::test_compile_empty_raises PASSED                 [  9%]
tests/test_compiler.py::test_validate_valid PASSED                       [  9%]
tests/test_compiler.py::test_validate_invalid PASSED                     [  9%]
tests/test_compiler.py::test_compile_all_fixtures PASSED                 [  9%]
tests/test_compiler.py::test_compile_with_integer_param PASSED           [  9%]
tests/test_compiler.py::test_compile_restored_generic_memory_and_summary_glyphs PASSED [  9%]
tests/test_compiler.py::test_memory_keyword_not_shadowed_by_memory_anchor_alias PASSED [  9%]
tests/test_compiler.py::test_compile_module_with_function_block PASSED   [  9%]
tests/test_compiler.py::test_pipe_2_stage_compiles PASSED                [  9%]
tests/test_compiler.py::test_pipe_3_stage_chain PASSED                   [  9%]
tests/test_compiler.py::test_pipe_mixed_types PASSED                     [  9%]
tests/test_compiler.py::test_pipe_no_pipe_still_valid PASSED             [  9%]
tests/test_compiler.py::test_validate_single_annotation PASSED           [  9%]
tests/test_compiler.py::test_validate_multiple_annotations PASSED        [  9%]
tests/test_compiler.py::test_validate_on_tool_stmt PASSED                [  9%]
tests/test_compiler.py::test_validate_not_present_still_works PASSED     [  9%]
tests/test_compiler.py::test_template_definition_compiles PASSED         [  9%]
tests/test_compiler.py::test_template_reference_expands PASSED           [ 10%]
tests/test_compiler.py::test_template_undefined_raises PASSED            [ 10%]
tests/test_compiler.py::test_template_multiple_references PASSED         [ 10%]
tests/test_compiler.py::test_template_after_reference_still_works PASSED [ 10%]
tests/test_compiler.py::test_prose_bridge_parse PASSED                   [ 10%]
tests/test_compiler.py::test_prose_bridge_expr_form PASSED               [ 10%]
tests/test_compiler.py::test_aesthetic_ident_qualifier PASSED            [ 10%]
tests/test_compiler.py::test_aesthetic_string_qualifier PASSED           [ 10%]
tests/test_compiler.py::test_negate_constraint_parse PASSED              [ 10%]
tests/test_compiler.py::test_exponentiation PASSED                       [ 10%]
tests/test_compiler.py::test_exponentiation_right_associative PASSED     [ 10%]
tests/test_compiler.py::test_bitwise_and PASSED                          [ 10%]
tests/test_compiler.py::test_bitwise_or PASSED                           [ 10%]
tests/test_compiler.py::test_bitwise_xor PASSED                          [ 10%]
tests/test_compiler.py::test_bitwise_mixed_operators PASSED              [ 10%]
tests/test_compiler.py::test_list_literal_multi PASSED                   [ 10%]
tests/test_compiler.py::test_list_literal_single PASSED                  [ 10%]
tests/test_compiler.py::test_list_literal_mixed_types PASSED             [ 10%]
tests/test_compiler.py::test_pattern_match_string PASSED                 [ 10%]
tests/test_compiler.py::test_pattern_match_int PASSED                    [ 10%]
tests/test_compiler.py::test_pattern_match_ident PASSED                  [ 10%]
tests/test_complex_workflow_benchmarks.py::test_scenario_compiles[multi_stage_deploy_pipe] PASSED [ 10%]
tests/test_complex_workflow_benchmarks.py::test_scenario_compiles[security_audit_remediate] PASSED [ 10%]
tests/test_complex_workflow_benchmarks.py::test_scenario_compiles[multi_agent_research_synthesis] PASSED [ 10%]
tests/test_complex_workflow_benchmarks.py::test_scenario_has_glyphs[multi_stage_deploy_pipe] PASSED [ 10%]
tests/test_complex_workflow_benchmarks.py::test_scenario_has_glyphs[security_audit_remediate] PASSED [ 10%]
tests/test_complex_workflow_benchmarks.py::test_scenario_has_glyphs[multi_agent_research_synthesis] PASSED [ 10%]
tests/test_complex_workflow_benchmarks.py::test_scenario_has_omega[multi_stage_deploy_pipe] PASSED [ 10%]
tests/test_complex_workflow_benchmarks.py::test_scenario_has_omega[security_audit_remediate] PASSED [ 10%]
tests/test_complex_workflow_benchmarks.py::test_scenario_has_omega[multi_agent_research_synthesis] PASSED [ 10%]
tests/test_complex_workflow_benchmarks.py::test_deploy_pipe_has_template_definition PASSED [ 10%]
tests/test_complex_workflow_benchmarks.py::test_deploy_pipe_uses_pipe_operator PASSED [ 10%]
tests/test_complex_workflow_benchmarks.py::test_deploy_pipe_expands_pipe_stages PASSED [ 10%]
tests/test_complex_workflow_benchmarks.py::test_deploy_pipe_expands_template_refs PASSED [ 10%]
tests/test_complex_workflow_benchmarks.py::test_deploy_pipe_validates_emit_enforce PASSED [ 10%]
tests/test_complex_workflow_benchmarks.py::test_deploy_pipe_has_assert PASSED [ 10%]
tests/test_complex_workflow_benchmarks.py::test_deploy_pipe_has_sigma_result PASSED [ 10%]
tests/test_complex_workflow_benchmarks.py::test_security_audit_has_two_templates PASSED [ 10%]
tests/test_complex_workflow_benchmarks.py::test_security_audit_uses_validates PASSED [ 10%]
tests/test_complex_workflow_benchmarks.py::test_security_audit_pipe_stages PASSED [ 10%]
tests/test_complex_workflow_benchmarks.py::test_security_audit_template_expansion PASSED [ 10%]
tests/test_complex_workflow_benchmarks.py::test_security_audit_has_log_findings PASSED [ 10%]
tests/test_complex_workflow_benchmarks.py::test_security_audit_ends_with_sigma PASSED [ 10%]
tests/test_complex_workflow_benchmarks.py::test_research_synthesis_has_two_research_agents PASSED [ 10%]
tests/test_complex_workflow_benchmarks.py::test_research_synthesis_uses_join_consensus PASSED [ 10%]
tests/test_complex_workflow_benchmarks.py::test_research_synthesis_pipe_stages PASSED [ 10%]
tests/test_complex_workflow_benchmarks.py::test_research_synthesis_synthesize_action PASSED [ 10%]
tests/test_complex_workflow_benchmarks.py::test_research_synthesis_evidence_assert PASSED [ 10%]
tests/test_complex_workflow_benchmarks.py::test_benchmark_runner_returns_all_scenarios PASSED [ 10%]
tests/test_complex_workflow_benchmarks.py::test_benchmark_runner_all_compile PASSED [ 11%]
tests/test_complex_workflow_benchmarks.py::test_benchmark_runner_pipe_stages_detected PASSED [ 11%]
tests/test_complex_workflow_benchmarks.py::test_benchmark_runner_validate_enforce_detected PASSED [ 11%]
tests/test_complex_workflow_benchmarks.py::test_benchmark_runner_pre_written_method PASSED [ 11%]
tests/test_complex_workflow_benchmarks.py::test_benchmark_runner_aggregates PASSED [ 11%]
tests/test_complex_workflow_benchmarks.py::test_benchmark_runner_deterministic PASSED [ 11%]
tests/test_complex_workflow_benchmarks.py::test_nlp_and_hlf_both_exist[multi_stage_deploy_pipe] PASSED [ 11%]
tests/test_complex_workflow_benchmarks.py::test_nlp_and_hlf_both_exist[security_audit_remediate] PASSED [ 11%]
tests/test_complex_workflow_benchmarks.py::test_nlp_and_hlf_both_exist[multi_agent_research_synthesis] PASSED [ 11%]
tests/test_complex_workflow_benchmarks.py::test_nlp_for_deploy_mentions_all_stages PASSED [ 11%]
tests/test_complex_workflow_benchmarks.py::test_nlp_for_security_mentions_audit_remediate PASSED [ 11%]
tests/test_complex_workflow_benchmarks.py::test_nlp_for_research_mentions_agents_and_synthesis PASSED [ 11%]
tests/test_complex_workflow_benchmarks.py::test_get_pipe_template_hlf_raises_on_unknown PASSED [ 11%]
tests/test_complex_workflow_benchmarks.py::test_get_pipe_template_nlp_raises_on_unknown PASSED [ 11%]
tests/test_complex_workflow_benchmarks.py::test_compile_each_scenario_independently PASSED [ 11%]
tests/test_constitutional_check.py::TestNoUnboundedRecursion::test_no_recursion_passes PASSED [ 11%]
tests/test_constitutional_check.py::TestNoUnboundedRecursion::test_self_recursion_blocked PASSED [ 11%]
tests/test_constitutional_check.py::TestNoUnboundedRecursion::test_mutual_recursion_blocked PASSED [ 11%]
tests/test_constitutional_check.py::TestNoUnboundedRecursion::test_recursion_violation_includes_location PASSED [ 11%]
tests/test_constitutional_check.py::TestNetworkEffects::test_http_get_with_capability_passes PASSED [ 11%]
tests/test_constitutional_check.py::TestNetworkEffects::test_http_get_without_capability_blocked PASSED [ 11%]
tests/test_constitutional_check.py::TestNetworkEffects::test_network_in_forge_allowed PASSED [ 11%]
tests/test_constitutional_check.py::TestNetworkEffects::test_network_in_sovereign_allowed PASSED [ 11%]
tests/test_constitutional_check.py::TestNetworkEffects::test_non_network_function_unaffected PASSED [ 11%]
tests/test_constitutional_check.py::TestNetworkEffects::test_network_violation_includes_rule_name PASSED [ 11%]
tests/test_constitutional_check.py::TestDataExfiltration::test_file_write_with_output_contract_passes PASSED [ 11%]
tests/test_constitutional_check.py::TestDataExfiltration::test_file_write_without_output_contract_blocked PASSED [ 11%]
tests/test_constitutional_check.py::TestDataExfiltration::test_http_post_without_output_contract_blocked PASSED [ 11%]
tests/test_constitutional_check.py::TestDataExfiltration::test_read_only_function_unaffected PASSED [ 11%]
tests/test_constitutional_check.py::TestDataExfiltration::test_exfiltration_violation_includes_location PASSED [ 11%]
tests/test_constitutional_check.py::TestAgentIdentity::test_benign_program_no_sensitive_ops_passes PASSED [ 11%]
tests/test_constitutional_check.py::TestAgentIdentity::test_sensitive_ops_with_identity_passes PASSED [ 11%]
tests/test_constitutional_check.py::TestAgentIdentity::test_sensitive_ops_without_identity_blocked PASSED [ 11%]
tests/test_constitutional_check.py::TestAgentIdentity::test_identity_via_set_agent_id_passes PASSED [ 11%]
tests/test_constitutional_check.py::TestAgentIdentity::test_identity_via_glyph_intent_passes PASSED [ 11%]
tests/test_constitutional_check.py::TestAgentIdentity::test_forge_tier_no_identity_check PASSED [ 11%]
tests/test_constitutional_check.py::TestAgentIdentity::test_identity_violation_includes_rule_name PASSED [ 11%]
tests/test_constitutional_check.py::TestConstitutionalViolationError::test_exception_stores_fields PASSED [ 11%]
tests/test_constitutional_check.py::TestConstitutionalViolationError::test_exception_can_be_caught PASSED [ 11%]
tests/test_constitutional_check.py::TestCheckConstitution::test_benign_passes PASSED [ 11%]
tests/test_constitutional_check.py::TestCheckConstitution::test_benign_passes_returns_empty PASSED [ 11%]
tests/test_constitutional_check.py::TestCheckConstitution::test_network_violation_raises PASSED [ 11%]
tests/test_constitutional_check.py::TestCheckConstitution::test_anonymous_execution_raises PASSED [ 11%]
tests/test_constitutional_check.py::TestCheckConstitution::test_error_includes_location PASSED [ 11%]
tests/test_constitutional_check.py::TestCheckConstitutionCollect::test_benign_returns_empty PASSED [ 11%]
tests/test_constitutional_check.py::TestCheckConstitutionCollect::test_multiple_violations_collected PASSED [ 11%]
tests/test_constitutional_check.py::TestCompilerConstitutionalHook::test_benign_program_compiles PASSED [ 11%]
tests/test_constitutional_check.py::TestCompilerConstitutionalHook::test_program_with_identity_compiles PASSED [ 11%]
tests/test_constitutional_check.py::TestCompilerConstitutionalHook::test_program_with_set_agent_id_compiles PASSED [ 11%]
tests/test_constitutional_check.py::TestCompilerConstitutionalHook::test_network_without_capability_raises_compile_error PASSED [ 12%]
tests/test_constitutional_check.py::TestCompilerConstitutionalHook::test_constitutional_violation_includes_rule PASSED [ 12%]
tests/test_credential_locator.py::TestRegisterAndLocate::test_register_and_locate_finds_credential PASSED [ 12%]
tests/test_credential_locator.py::TestRegisterAndLocate::test_locate_by_name_field PASSED [ 12%]
tests/test_credential_locator.py::TestRegisterAndLocate::test_locate_returns_none_for_missing PASSED [ 12%]
tests/test_credential_locator.py::TestRegisterAndLocate::test_register_overwrites_existing PASSED [ 12%]
tests/test_credential_locator.py::TestListExpiring::test_list_expiring_returns_expiring_creds PASSED [ 12%]
tests/test_credential_locator.py::TestListExpiring::test_list_expiring_excludes_invalid PASSED [ 12%]
tests/test_credential_locator.py::TestListExpiring::test_list_expiring_already_expired PASSED [ 12%]
tests/test_credential_locator.py::TestListDueRotation::test_list_due_rotation_returns_overdue PASSED [ 12%]
tests/test_credential_locator.py::TestListDueRotation::test_list_due_rotation_excludes_recently_rotated PASSED [ 12%]
tests/test_credential_locator.py::TestListDueRotation::test_list_due_rotation_never_rotated_included PASSED [ 12%]
tests/test_credential_locator.py::TestListDueRotation::test_list_due_rotation_no_rotation_policy PASSED [ 12%]
tests/test_credential_locator.py::TestMarkRotated::test_mark_rotated_updates_timestamp PASSED [ 12%]
tests/test_credential_locator.py::TestMarkRotated::test_mark_rotated_unknown_no_error PASSED [ 12%]
tests/test_credential_locator.py::TestAuditReport::test_audit_report_generates_markdown PASSED [ 12%]
tests/test_credential_locator.py::TestAuditReport::test_audit_report_includes_invalid_credentials PASSED [ 12%]
tests/test_credential_locator.py::TestLifecycleChain::test_lifecycle_chain_shows_full_chain PASSED [ 12%]
tests/test_credential_locator.py::TestLifecycleChain::test_lifecycle_chain_includes_all_fields PASSED [ 12%]
tests/test_credential_locator.py::TestSensitivitySorting::test_sensitivity_levels_stored_correctly PASSED [ 12%]
tests/test_credential_locator.py::TestSensitivitySorting::test_audit_report_includes_sensitivity_labels PASSED [ 12%]
tests/test_daemon_manager.py::test_daemon_manager_records_governance_events_as_audit_entries PASSED [ 12%]
tests/test_daemon_manager.py::test_daemon_manager_snapshot_counts_alerts_and_subjects PASSED [ 12%]
tests/test_daemon_manager.py::test_daemon_manager_restores_pointer_and_recall_observability PASSED [ 12%]
tests/test_doc_ingest.py::TestChunkMarkdown::test_basic_header_split PASSED [ 12%]
tests/test_doc_ingest.py::TestChunkMarkdown::test_chunk_has_source_sha256 PASSED [ 12%]
tests/test_doc_ingest.py::TestChunkMarkdown::test_chunk_indices_sequential PASSED [ 12%]
tests/test_doc_ingest.py::TestChunkMarkdown::test_total_chunks_consistent PASSED [ 12%]
tests/test_doc_ingest.py::TestChunkMarkdown::test_section_path_hierarchy PASSED [ 12%]
tests/test_doc_ingest.py::TestChunkMarkdown::test_no_headers_single_chunk PASSED [ 12%]
tests/test_doc_ingest.py::TestChunkMarkdown::test_empty_content_no_chunks PASSED [ 12%]
tests/test_doc_ingest.py::TestChunkMarkdown::test_char_count_populated PASSED [ 12%]
tests/test_doc_ingest.py::TestIngestText::test_basic_ingestion PASSED    [ 12%]
tests/test_doc_ingest.py::TestIngestText::test_dedup_on_reingest PASSED  [ 12%]
tests/test_doc_ingest.py::TestIngestText::test_chunk_ids_returned PASSED [ 12%]
tests/test_doc_ingest.py::TestIngestText::test_evidence_metadata_in_memory PASSED [ 12%]
tests/test_doc_ingest.py::TestIngestText::test_unknown_domain_accepted_with_warning PASSED [ 12%]
tests/test_doc_ingest.py::TestIngestText::test_bad_authority_defaults_to_advisory PASSED [ 12%]
tests/test_doc_ingest.py::TestIngestText::test_elapsed_tracked PASSED    [ 12%]
tests/test_doc_ingest.py::TestIngestText::test_topic_derived_from_filename PASSED [ 12%]
tests/test_doc_ingest.py::TestIngestText::test_fresh_until_in_evidence PASSED [ 12%]
tests/test_doc_ingest.py::TestIngestFile::test_file_from_disk PASSED     [ 12%]
tests/test_doc_ingest.py::TestIngestFile::test_file_not_found PASSED     [ 12%]
tests/test_doc_ingest.py::TestIngestDirectory::test_directory_batch PASSED [ 12%]
tests/test_doc_ingest.py::TestIngestDirectory::test_directory_not_found PASSED [ 12%]
tests/test_doc_ingest.py::TestIngestDirectory::test_pattern_filter PASSED [ 12%]
tests/test_doc_ingest.py::TestSummarizeReports::test_summary_aggregation PASSED [ 12%]
tests/test_doc_ingest.py::TestConstants::test_hlf_specific_in_domains PASSED [ 12%]
tests/test_doc_ingest.py::TestConstants::test_general_coding_in_domains PASSED [ 12%]
tests/test_doc_ingest.py::TestConstants::test_ai_engineering_in_domains PASSED [ 12%]
tests/test_doc_ingest.py::TestConstants::test_canonical_in_authority PASSED [ 13%]
tests/test_doc_ingest.py::TestConstants::test_advisory_in_authority PASSED [ 13%]
tests/test_doc_ingest.py::TestEdgeCases::test_large_section_split PASSED [ 13%]
tests/test_doc_ingest.py::TestEdgeCases::test_tags_propagated PASSED     [ 13%]
tests/test_dream_cycle.py::test_dream_cycle_run_emits_advisory_report_and_structured_findings PASSED [ 13%]
tests/test_dream_cycle.py::test_dream_cycle_rejects_media_without_safety_and_provenance PASSED [ 13%]
tests/test_dream_cycle.py::test_media_evidence_requires_full_hex_sha256_digest PASSED [ 13%]
tests/test_dream_cycle.py::test_dream_resources_reflect_structured_media_aware_findings PASSED [ 13%]
tests/test_dream_cycle.py::test_shared_media_evidence_is_persisted_in_memory_surface PASSED [ 13%]
tests/test_dream_cycle.py::test_dream_proposal_enforces_observe_propose_verify_promote_chain PASSED [ 13%]
tests/test_dream_cycle_gating.py::TestPhaseExistence::test_observe_phase_exists_in_phases_list PASSED [ 13%]
tests/test_dream_cycle_gating.py::TestPhaseExistence::test_propose_phase_exists_in_phases_list PASSED [ 13%]
tests/test_dream_cycle_gating.py::TestPhaseExistence::test_phases_ordered_observe_before_propose PASSED [ 13%]
tests/test_dream_cycle_gating.py::TestPhaseExistence::test_phases_ordered_propose_before_specify PASSED [ 13%]
tests/test_dream_cycle_gating.py::TestPhaseExistence::test_full_phase_sequence_is_correct PASSED [ 13%]
tests/test_dream_cycle_gating.py::TestPhaseExistence::test_observe_allowed_next_is_propose PASSED [ 13%]
tests/test_dream_cycle_gating.py::TestPhaseExistence::test_propose_allowed_next_includes_specify PASSED [ 13%]
tests/test_dream_cycle_gating.py::TestPhaseExistence::test_observe_gate_has_dream_gate_flag PASSED [ 13%]
tests/test_dream_cycle_gating.py::TestPhaseExistence::test_propose_gate_has_dream_gate_flag PASSED [ 13%]
tests/test_dream_cycle_gating.py::TestPhaseExistence::test_propose_gate_requires_observe PASSED [ 13%]
tests/test_dream_cycle_gating.py::TestPhaseExistence::test_specify_is_valid_entry_point PASSED [ 13%]
tests/test_dream_cycle_gating.py::TestPhaseExistence::test_observe_is_valid_entry_point PASSED [ 13%]
tests/test_dream_cycle_gating.py::TestPhaseExistence::test_propose_is_valid_entry_point PASSED [ 13%]
tests/test_dream_cycle_gating.py::TestPhaseExistence::test_plan_is_not_valid_entry_point PASSED [ 13%]
tests/test_dream_cycle_gating.py::TestPhaseOrderingGating::test_cannot_jump_specify_to_propose_without_observe PASSED [ 13%]
tests/test_dream_cycle_gating.py::TestPhaseOrderingGating::test_override_allows_backward_transition PASSED [ 13%]
tests/test_dream_cycle_gating.py::TestPhaseOrderingGating::test_cannot_jump_specify_to_observe_backward PASSED [ 13%]
tests/test_dream_cycle_gating.py::TestPhaseOrderingGating::test_override_allows_specify_to_observe_backward PASSED [ 13%]
tests/test_dream_cycle_gating.py::TestPhaseOrderingGating::test_observe_to_propose_is_valid_forward PASSED [ 13%]
tests/test_dream_cycle_gating.py::TestPhaseOrderingGating::test_propose_to_specify_is_valid_forward PASSED [ 13%]
tests/test_dream_cycle_gating.py::TestDreamProposalCreation::test_create_proposal_from_finding PASSED [ 13%]
tests/test_dream_cycle_gating.py::TestDreamProposalCreation::test_proposal_maps_all_fields_from_finding PASSED [ 13%]
tests/test_dream_cycle_gating.py::TestDreamProposalCreation::test_proposal_default_promotion_rule_is_auto_if_confidence PASSED [ 13%]
tests/test_dream_cycle_gating.py::TestDreamProposalCreation::test_proposal_can_specify_promotion_rule PASSED [ 13%]
tests/test_dream_cycle_gating.py::TestDreamProposalCreation::test_proposal_id_is_deterministic_per_finding_cycle PASSED [ 13%]
tests/test_dream_cycle_gating.py::TestDreamProposalCreation::test_proposal_to_dict_roundtrip PASSED [ 13%]
tests/test_dream_cycle_gating.py::TestPromotionRuleEnum::test_from_string_auto_if_confidence PASSED [ 13%]
tests/test_dream_cycle_gating.py::TestPromotionRuleEnum::test_from_string_auto PASSED [ 13%]
tests/test_dream_cycle_gating.py::TestPromotionRuleEnum::test_from_string_manual_approval PASSED [ 13%]
tests/test_dream_cycle_gating.py::TestPromotionRuleEnum::test_from_string_manual PASSED [ 13%]
tests/test_dream_cycle_gating.py::TestPromotionRuleEnum::test_from_string_governance_vote PASSED [ 13%]
tests/test_dream_cycle_gating.py::TestPromotionRuleEnum::test_from_string_governance PASSED [ 13%]
tests/test_dream_cycle_gating.py::TestPromotionRuleEnum::test_from_string_case_insensitive PASSED [ 13%]
tests/test_dream_cycle_gating.py::TestPromotionRuleEnum::test_from_string_dash_separated PASSED [ 13%]
tests/test_dream_cycle_gating.py::TestPromotionRuleEnum::test_from_string_invalid_rule_raises PASSED [ 13%]
tests/test_dream_cycle_gating.py::TestAutoPromotion::test_auto_promotes_when_confidence_above_threshold PASSED [ 13%]
tests/test_dream_cycle_gating.py::TestAutoPromotion::test_auto_promotes_at_exact_threshold PASSED [ 13%]
tests/test_dream_cycle_gating.py::TestAutoPromotion::test_stays_advisory_when_confidence_below_threshold PASSED [ 13%]
tests/test_dream_cycle_gating.py::TestAutoPromotion::test_stays_advisory_when_confidence_very_low PASSED [ 13%]
tests/test_dream_cycle_gating.py::TestManualApproval::test_manual_approval_requires_governor_token PASSED [ 14%]
tests/test_dream_cycle_gating.py::TestManualApproval::test_manual_approval_succeeds_with_valid_governor_token PASSED [ 14%]
tests/test_dream_cycle_gating.py::TestManualApproval::test_manual_approval_fails_with_invalid_token PASSED [ 14%]
tests/test_dream_cycle_gating.py::TestManualApproval::test_manual_approval_fails_with_empty_token PASSED [ 14%]
tests/test_dream_cycle_gating.py::TestGovernanceVote::test_governance_vote_requires_3_signatures PASSED [ 14%]
tests/test_dream_cycle_gating.py::TestGovernanceVote::test_governance_vote_succeeds_with_3_signatures PASSED [ 14%]
tests/test_dream_cycle_gating.py::TestGovernanceVote::test_governance_vote_succeeds_with_5_signatures PASSED [ 14%]
tests/test_dream_cycle_gating.py::TestGovernanceVote::test_governance_vote_duplicate_signatures_count_once PASSED [ 14%]
tests/test_dream_cycle_gating.py::TestGovernanceVote::test_governance_vote_invalid_signatures_not_counted PASSED [ 14%]
tests/test_dream_cycle_gating.py::TestCoveGateEnforcement::test_promotion_fails_without_cove_gate_pass PASSED [ 14%]
tests/test_dream_cycle_gating.py::TestCoveGateEnforcement::test_promotion_fails_with_cove_gate_fail PASSED [ 14%]
tests/test_dream_cycle_gating.py::TestCoveGateEnforcement::test_promotion_succeeds_with_cove_gate_pass_and_auto_confidence PASSED [ 14%]
tests/test_dream_cycle_gating.py::TestCoveGateEnforcement::test_cove_gate_pass_with_all_proven PASSED [ 14%]
tests/test_dream_cycle_gating.py::TestCoveGateEnforcement::test_cove_gate_pass_with_approved_verdict PASSED [ 14%]
tests/test_dream_cycle_gating.py::TestCoveGateEnforcement::test_cove_gate_fail_with_denied_verdict PASSED [ 14%]
tests/test_dream_cycle_gating.py::TestCoveGateEnforcement::test_promote_to_binding_also_requires_cove PASSED [ 14%]
tests/test_dream_cycle_gating.py::TestFullPipeline::test_full_pipeline_with_auto_promote PASSED [ 14%]
tests/test_dream_cycle_gating.py::TestFullPipeline::test_full_pipeline_sets_cycle_results PASSED [ 14%]
tests/test_dream_cycle_gating.py::TestFullPipeline::test_pipeline_stores_findings_in_mission PASSED [ 14%]
tests/test_dream_cycle_gating.py::TestFullPipeline::test_pipeline_stores_proposals_in_mission PASSED [ 14%]
tests/test_dream_cycle_gating.py::TestFullPipeline::test_observe_phase_fills_dream_findings PASSED [ 14%]
tests/test_dream_cycle_gating.py::TestFullPipeline::test_propose_phase_creates_proposals_from_findings PASSED [ 14%]
tests/test_dream_cycle_gating.py::TestFullPipeline::test_promote_finding_increases_status PASSED [ 14%]
tests/test_dream_cycle_gating.py::TestFullPipeline::test_specify_entry_auto_completes_dream_phases PASSED [ 14%]
tests/test_dream_cycle_gating.py::TestFullPipeline::test_specify_to_plan_works_when_dream_auto_completed PASSED [ 14%]
tests/test_dream_cycle_gating.py::TestEdgeCases::test_empty_findings_during_observe PASSED [ 14%]
tests/test_dream_cycle_gating.py::TestEdgeCases::test_propose_without_observe_gives_error PASSED [ 14%]
tests/test_dream_cycle_gating.py::TestEdgeCases::test_propose_with_empty_findings_gives_error PASSED [ 14%]
tests/test_dream_cycle_gating.py::TestEdgeCases::test_promote_nonexistent_proposal_gives_error PASSED [ 14%]
tests/test_dream_cycle_gating.py::TestEdgeCases::test_promote_finding_not_found_mission PASSED [ 14%]
tests/test_dream_cycle_gating.py::TestEdgeCases::test_promote_to_invalid_target_status PASSED [ 14%]
tests/test_dream_cycle_gating.py::TestEdgeCases::test_duplicate_proposal_ids_prevented_in_dict PASSED [ 14%]
tests/test_dream_cycle_gating.py::TestEdgeCases::test_conflicting_confidence_values_handled PASSED [ 14%]
tests/test_dream_cycle_gating.py::TestEdgeCases::test_malformed_evidence_refs_do_not_crash PASSED [ 14%]
tests/test_dream_cycle_gating.py::TestEdgeCases::test_proposal_with_none_cove_result PASSED [ 14%]
tests/test_dream_cycle_gating.py::TestEdgeCases::test_proposal_with_cove_result_preserves_data PASSED [ 14%]
tests/test_dream_cycle_gating.py::TestEdgeCases::test_cannot_promote_binding_from_advisory_directly PASSED [ 14%]
tests/test_dream_cycle_gating.py::TestEdgeCases::test_cannot_promote_candidate_from_binding PASSED [ 14%]
tests/test_dream_cycle_gating.py::TestEdgeCases::test_governor_token_validation PASSED [ 14%]
tests/test_dream_cycle_gating.py::TestEdgeCases::test_validator_signature_counting PASSED [ 14%]
tests/test_dream_cycle_gating.py::TestEdgeCases::test_run_observe_propose_with_governor_and_auto_promote PASSED [ 14%]
tests/test_dream_cycle_gating.py::TestEdgeCases::test_allowed_next_after_propose_includes_observe PASSED [ 14%]
tests/test_dream_cycle_gating.py::TestEdgeCases::test_backward_phase_transitions_blocked_unless_override PASSED [ 14%]
tests/test_dream_cycle_gating.py::TestEdgeCases::test_backward_phase_transition_allowed_with_override PASSED [ 14%]
tests/test_dream_cycle_gating.py::TestThreadSafety::test_concurrent_observes_on_different_missions PASSED [ 14%]
tests/test_dream_cycle_gating.py::TestThreadSafety::test_concurrent_promotions_on_same_mission PASSED [ 14%]
tests/test_dream_cycle_gating.py::TestDreamCycleReport::test_observe_generates_cycle_report PASSED [ 14%]
tests/test_dream_cycle_gating.py::TestDreamCycleReport::test_observe_without_inputs_produces_zero_findings_report PASSED [ 14%]
tests/test_dream_cycle_gating.py::TestMissionListing::test_list_missions_includes_dream_phases PASSED [ 14%]
tests/test_dream_cycle_gating.py::TestMissionListing::test_list_missions_shows_correct_phase PASSED [ 15%]
tests/test_dream_promotion.py::test_define_standard_rules_returns_at_least_5_rules PASSED [ 15%]
tests/test_dream_promotion.py::test_benchmark_improvement_rule_has_correct_preconditions PASSED [ 15%]
tests/test_dream_promotion.py::test_breaking_change_rule_requires_review PASSED [ 15%]
tests/test_dream_promotion.py::test_bind_finding_to_rules_populates_applicable_rules PASSED [ 15%]
tests/test_dream_promotion.py::test_bind_finding_to_rules_defaults_to_conservative_when_no_match PASSED [ 15%]
tests/test_dream_promotion.py::test_evaluate_promotion_promotes_when_all_rules_pass PASSED [ 15%]
tests/test_dream_promotion.py::test_evaluate_promotion_keeps_verified_when_rule_requires_review PASSED [ 15%]
tests/test_dream_promotion.py::test_evaluate_promotion_rejects_when_verification_fails PASSED [ 15%]
tests/test_dream_promotion.py::test_promote_finding_transitions_verified_to_promoted PASSED [ 15%]
tests/test_dream_promotion.py::test_promote_finding_raises_valueerror_for_non_verified_state PASSED [ 15%]
tests/test_dream_promotion.py::test_promote_finding_raises_valueerror_for_rejected_state PASSED [ 15%]
tests/test_dream_promotion.py::test_promote_finding_raises_valueerror_when_rules_require_review PASSED [ 15%]
tests/test_dream_promotion.py::test_rejected_finding_has_rejected_reason_set PASSED [ 15%]
tests/test_dream_promotion.py::test_promote_finding_sets_promotion_evidence PASSED [ 15%]
tests/test_dream_promotion.py::test_finding_state_valid_transitions PASSED [ 15%]
tests/test_dream_promotion.py::test_finding_state_terminal_check PASSED  [ 15%]
tests/test_ecosystem_hardening.py::TestRateLimiterBasic::test_bucket_starts_full PASSED [ 15%]
tests/test_ecosystem_hardening.py::TestRateLimiterBasic::test_consume_deducts_tokens FAILED [ 15%]
tests/test_ecosystem_hardening.py::TestRateLimiterBasic::test_consume_rejects_when_empty PASSED [ 15%]
tests/test_ecosystem_hardening.py::TestRateLimiterBasic::test_refill_over_time PASSED [ 15%]
tests/test_ecosystem_hardening.py::TestRateLimiterBasic::test_rate_limit_headers PASSED [ 15%]
tests/test_ecosystem_hardening.py::TestRateLimiterPerEffect::test_add_effect_limit PASSED [ 15%]
tests/test_ecosystem_hardening.py::TestRateLimiterPerEffect::test_per_effect_consume_enforces_limit PASSED [ 15%]
tests/test_ecosystem_hardening.py::TestRateLimiterPerEffect::test_unregistered_effect_uses_global_only PASSED [ 15%]
tests/test_ecosystem_hardening.py::TestCircuitBreakerStates::test_starts_closed PASSED [ 15%]
tests/test_ecosystem_hardening.py::TestCircuitBreakerStates::test_trips_to_open_after_threshold PASSED [ 15%]
tests/test_ecosystem_hardening.py::TestCircuitBreakerStates::test_open_rejects_requests PASSED [ 15%]
tests/test_ecosystem_hardening.py::TestCircuitBreakerStates::test_half_open_after_timeout PASSED [ 15%]
tests/test_ecosystem_hardening.py::TestCircuitBreakerStates::test_success_triggers_transition PASSED [ 15%]
tests/test_ecosystem_hardening.py::TestCircuitBreakerRecovery::test_exponential_backoff_on_repeated_trips PASSED [ 15%]
tests/test_ecosystem_hardening.py::TestCircuitBreakerRecovery::test_manual_reset PASSED [ 15%]
tests/test_ecosystem_hardening.py::TestCircuitBreakerRecovery::test_call_wrapper_open_raises PASSED [ 15%]
tests/test_ecosystem_hardening.py::TestRetryPolicyBackoff::test_backoff_without_jitter PASSED [ 15%]
tests/test_ecosystem_hardening.py::TestRetryPolicyBackoff::test_backoff_capped_at_max_delay PASSED [ 15%]
tests/test_ecosystem_hardening.py::TestRetryPolicyBackoff::test_backoff_with_jitter PASSED [ 15%]
tests/test_ecosystem_hardening.py::TestRetryPolicyBackoff::test_should_retry_within_max PASSED [ 15%]
tests/test_ecosystem_hardening.py::TestRetryPolicyEffectClass::test_read_effects_get_read_policy PASSED [ 15%]
tests/test_ecosystem_hardening.py::TestRetryPolicyEffectClass::test_write_effects_get_write_policy PASSED [ 15%]
tests/test_ecosystem_hardening.py::TestRetryPolicyEffectClass::test_unknown_effect_gets_default PASSED [ 15%]
tests/test_ecosystem_hardening.py::TestCredentialManagerScoping::test_hearth_gets_full_scope PASSED [ 15%]
tests/test_ecosystem_hardening.py::TestCredentialManagerScoping::test_advisory_gets_limited_scope PASSED [ 15%]
tests/test_ecosystem_hardening.py::TestCredentialManagerScoping::test_validate_with_scope_enforces_minimum PASSED [ 15%]
tests/test_ecosystem_hardening.py::TestCredentialManagerScoping::test_unknown_tier_gets_none_scope PASSED [ 15%]
tests/test_ecosystem_hardening.py::TestCredentialManagerRotation::test_rotate_deactivates_old_key PASSED [ 15%]
tests/test_ecosystem_hardening.py::TestCredentialManagerRotation::test_new_key_after_rotation_works PASSED [ 15%]
tests/test_ecosystem_hardening.py::TestCredentialManagerRotation::test_revoke_immediately_invalidates PASSED [ 15%]
tests/test_ecosystem_hardening.py::TestBridgeIntegrationHardened::test_mcp_bridge_hardened_fields_default_none PASSED [ 15%]
tests/test_ecosystem_hardening.py::TestBridgeIntegrationHardened::test_mcp_bridge_accepts_hardening_components PASSED [ 15%]
tests/test_ecosystem_hardening.py::TestBridgeIntegrationHardened::test_dispatch_tool_call_rate_limited PASSED [ 15%]
tests/test_ecosystem_hardening.py::TestBridgeIntegrationHardened::test_dispatch_tool_call_passes_through PASSED [ 16%]
tests/test_ecosystem_hardening.py::TestBridgeIntegrationHardened::test_rest_bridge_hardened_fields_default_none PASSED [ 16%]
tests/test_ecosystem_hardening.py::TestRateLimiterEdgeCases::test_negative_rate_raises PASSED [ 16%]
tests/test_ecosystem_hardening.py::TestRateLimiterEdgeCases::test_zero_burst_raises PASSED [ 16%]
tests/test_ecosystem_hardening.py::TestRateLimiterEdgeCases::test_reset_refills_bucket FAILED [ 16%]
tests/test_ecosystem_hardening.py::TestRateLimiterEdgeCases::test_thread_safety_consume PASSED [ 16%]
tests/test_ecosystem_hardening.py::TestCircuitBreakerEdgeCases::test_negative_failure_threshold_raises PASSED [ 16%]
tests/test_ecosystem_hardening.py::TestCircuitBreakerEdgeCases::test_zero_recovery_timeout_raises PASSED [ 16%]
tests/test_ecosystem_hardening.py::TestCircuitBreakerEdgeCases::test_stats_returns_all_fields PASSED [ 16%]
tests/test_ecosystem_hardening.py::TestCircuitBreakerEdgeCases::test_per_bridge_isolation PASSED [ 16%]
tests/test_ecosystem_hardening.py::TestCircuitBreakerEdgeCases::test_retry_after_returns_zero_when_closed PASSED [ 16%]
tests/test_ecosystem_hardening.py::TestRetryPolicyEdgeCases::test_execute_retries_and_succeeds PASSED [ 16%]
tests/test_ecosystem_hardening.py::TestRetryPolicyEdgeCases::test_execute_exhausts_retries PASSED [ 16%]
tests/test_ecosystem_hardening.py::TestRetryPolicyEdgeCases::test_non_retryable_raises_immediately PASSED [ 16%]
tests/test_ecosystem_hardening.py::TestRetryPolicyEdgeCases::test_budget_tracks_retries PASSED [ 16%]
tests/test_ecosystem_hardening.py::TestRetryPolicyEdgeCases::test_reset_budget_clears PASSED [ 16%]
tests/test_ecosystem_hardening.py::TestCredentialManagerEdgeCases::test_expired_credential_fails_validation PASSED [ 16%]
tests/test_ecosystem_hardening.py::TestCredentialManagerEdgeCases::test_revoke_nonexistent_returns_false PASSED [ 16%]
tests/test_ecosystem_hardening.py::TestCredentialManagerEdgeCases::test_list_active_excludes_revoked PASSED [ 16%]
tests/test_ecosystem_hardening.py::TestCredentialManagerEdgeCases::test_sign_and_verify_credential PASSED [ 16%]
tests/test_ecosystem_hardening.py::TestSchemaTranslator::test_schema_translator_int_to_json PASSED [ 16%]
tests/test_ecosystem_hardening.py::TestSchemaTranslator::test_schema_translator_list_to_json PASSED [ 16%]
tests/test_ecosystem_hardening.py::TestSchemaTranslator::test_schema_translator_optional_to_json PASSED [ 16%]
tests/test_ecosystem_hardening.py::TestSchemaTranslator::test_schema_translator_contract_to_schema PASSED [ 16%]
[...]
tests/test_verification_gating.py::test_verify_method_advisory_tier_always_proceeds PASSED [ 99%]
tests/test_verification_gating.py::test_verify_method_empty_ast_blocks_at_hearth PASSED [ 99%]
tests/test_verification_gating.py::test_trusted_is_same_as_hearth PASSED [ 99%]
tests/test_verification_gating.py::test_approved_is_same_as_forge PASSED [ 99%]
tests/test_verification_gating.py::test_watched_is_same_as_forge PASSED  [ 99%]
tests/test_verify_chain.py::test_verify_chain_accepts_valid_chain PASSED [ 99%]
tests/test_verify_chain.py::test_verify_chain_reports_mismatch PASSED    [ 99%]
tests/test_weekly_artifacts.py::test_collect_governance_manifest_snapshot_reports_clean_manifest PASSED [ 99%]
tests/test_weekly_artifacts.py::test_build_weekly_artifact_uses_latest_suite_summary PASSED [ 99%]
tests/test_weekly_artifacts.py::test_build_weekly_artifact_normalizes_security_findings_from_workflow_payload PASSED [ 99%]
tests/test_weekly_artifacts.py::test_validate_weekly_artifact_accepts_built_payload PASSED [ 99%]
tests/test_weekly_artifacts.py::test_validate_weekly_artifact_rejects_cross_field_mismatch PASSED [ 99%]
tests/test_weekly_artifacts.py::test_append_weekly_artifact_decision_promotes_distribution_eligibility PASSED [ 99%]
tests/test_weekly_artifacts.py::test_record_weekly_artifact_decision_persists_verified_update PASSED [ 99%]
tests/test_weekly_artifacts.py::test_build_hks_exemplar_from_weekly_artifact_returns_validated_entry PASSED [ 99%]
tests/test_weekly_artifacts.py::test_build_hks_exemplar_from_weekly_artifact_skips_failed_suite PASSED [ 99%]
tests/test_weekly_artifacts.py::test_local_scheduler_status_reads_config_and_latest_artifact PASSED [ 99%]
tests/test_witness_governance.py::test_low_confidence_negative_observation_stays_healthy PASSED [ 99%]
tests/test_witness_governance.py::test_repeated_negative_observations_transition_to_probation PASSED [ 99%]
tests/test_witness_governance.py::test_multi_witness_correlated_evidence_can_reach_restricted PASSED [ 99%]
tests/test_witness_governance.py::test_witness_resource_and_tool_contracts_are_operator_legible PASSED [ 99%]
tests/test_workflow_benchmark.py::test_task_corpus_nonempty PASSED       [ 99%]
tests/test_workflow_benchmark.py::test_check_tags_found_and_missing PASSED [ 99%]
tests/test_workflow_benchmark.py::test_check_concepts_found_and_missing PASSED [ 99%]
tests/test_workflow_benchmark.py::test_count_statements PASSED           [ 99%]
tests/test_workflow_benchmark.py::test_hlf_to_nl_basic PASSED            [ 99%]
tests/test_workflow_benchmark.py::test_run_task_produces_metrics PASSED  [ 99%]
tests/test_workflow_benchmark.py::test_run_task_missing_tags_detected PASSED [ 99%]
tests/test_workflow_benchmark.py::test_run_suite_summary PASSED          [ 99%]
tests/test_workflow_benchmark.py::test_register_workflow_benchmark_tools PASSED [ 99%]
tests/test_workflow_benchmark.py::test_full_corpus_run PASSED            [ 99%]
tests/test_workflow_support.py::test_emit_weekly_artifact_writes_normalized_schema PASSED [ 99%]
tests/test_workflow_support.py::test_create_github_issue_skips_when_conflicting_pr_found PASSED [ 99%]
tests/test_workflow_support.py::test_fetch_code_scanning_summary_writes_real_counts PASSED [ 99%]
tests/test_workflow_support.py::test_fetch_code_scanning_summary_falls_back_when_api_unavailable PASSED [ 99%]
tests/test_workflow_support.py::test_monitor_model_drift_normalizes_fenced_json_response PASSED [ 99%]
tests/test_workflow_support.py::test_monitor_model_drift_normalizes_nested_fenced_json_response PASSED [ 99%]
tests/test_workflow_support.py::test_run_drift_probes_disables_search_and_classifies_outcomes PASSED [100%]

=========================== short test summary info ===========================
FAILED tests/test_chaos.py::TestOOMResilience::test_oom_during_recursive_infer_returns_aborted
FAILED tests/test_chaos.py::TestOOMResilience::test_oom_produces_partial_merkle_chain
FAILED tests/test_chaos.py::TestOOMResilience::test_oom_rounds_completed_is_zero
FAILED tests/test_chaos.py::TestOOMResilience::test_oom_session_unload_is_called
FAILED tests/test_chaos.py::TestOOMResilience::test_oom_final_text_contains_aborted_marker
FAILED tests/test_chaos.py::TestOOMResilience::test_oom_details_contain_traceback
FAILED tests/test_chaos.py::TestGenericCUDAResilience::test_runtime_error_with_oom_string_is_aborted
FAILED tests/test_chaos.py::TestGenericCUDAResilience::test_cuda_assertion_error_is_aborted
FAILED tests/test_chaos.py::TestGenericCUDAResilience::test_non_cuda_exception_is_not_marked_oom
FAILED tests/test_chaos.py::TestGenericCUDAResilience::test_session_unload_called_on_generic_error
FAILED tests/test_chaos.py::TestNormalPathRegression::test_normal_inference_still_succeeds
FAILED tests/test_chaos.py::TestNormalPathRegression::test_normal_inference_attestations_present
FAILED tests/test_chaos.py::TestChaosMemoryManagement::test_load_all_not_called_if_oom_before_inference
FAILED tests/test_chaos.py::TestOOMWithHITL::test_oom_with_human_approval_required_returns_aborted_not_awaiting
FAILED tests/test_ecosystem_hardening.py::TestRateLimiterBasic::test_consume_deducts_tokens
FAILED tests/test_ecosystem_hardening.py::TestRateLimiterEdgeCases::test_reset_refills_bucket
FAILED tests/test_gallery_operatorization.py::TestGalleryOperatorPillarScore::test_components_match_weights
FAILED tests/test_github_scripts.py::TestSpecDriftCheck::test_count_mcp_tools
FAILED tests/test_github_scripts.py::TestGenerateStatusOverview::test_collect_status_data_and_render_surfaces
FAILED tests/test_github_scripts.py::TestCodebaseSnapshot::test_snapshot_non_empty
FAILED tests/test_governance_proofs.py::test_code_execute_result_has_first_class_governance_proof
FAILED tests/test_handoff_events.py::test_handoff_hash_chain_continuity_and_resources_report_latest_chain
FAILED tests/test_handoff_events.py::test_orchestration_contract_preserves_plan_order_dependencies_and_merge_gate
FAILED tests/test_handoff_events.py::test_handoff_progress_vote_dissent_templates_and_semantic_drift_resources
FAILED tests/test_handoff_events.py::test_route_handoff_linkage_resource_joins_route_profile_and_handoff_lineage
FAILED tests/test_hitl_integration.py::TestHITLInferenceIntegration::test_inference_without_hitl_returns_ok
FAILED tests/test_hitl_integration.py::TestHITLInferenceIntegration::test_inference_with_hitl_returns_awaiting
FAILED tests/test_hitl_integration.py::TestHITLInferenceIntegration::test_hitl_approval_token_is_valid
FAILED tests/test_hitl_integration.py::TestHITLInferenceIntegration::test_hitl_final_text_still_accessible
FAILED tests/test_hitl_integration.py::TestHITLApproveRejectFlow::test_full_approve_flow
FAILED tests/test_hitl_integration.py::TestHITLApproveRejectFlow::test_full_reject_flow
FAILED tests/test_hitl_integration.py::TestHITLApproveRejectFlow::test_reject_blocks_forever
FAILED tests/test_hitl_integration.py::TestHITLTimeout::test_expired_approval_not_approved
FAILED tests/test_hitl_integration.py::TestHITLTimeout::test_fresh_approval_not_expired
FAILED tests/test_hitl_integration.py::TestHITLMCPTools::test_list_pending_with_items
FAILED tests/test_hitl_integration.py::TestHITLMCPTools::test_mcp_approve_with_token_verification
FAILED tests/test_hlfsh_llm.py::TestModelCommand::test_model_no_arg_shows_current
FAILED tests/test_hlfsh_llm.py::TestModelCommand::test_model_switch_updates_active
FAILED tests/test_hlfsh_llm.py::TestModelCommand::test_model_switch_nulls_bridge
FAILED tests/test_hlfsh_llm.py::TestModelCommand::test_model_switch_new_bridge_uses_new_model
FAILED tests/test_hlfsh_llm.py::TestModelCommand::test_model_via_dispatch - A...
FAILED tests/test_hlfsh_llm.py::TestModelCommand::test_model_via_dispatch_no_arg
FAILED tests/test_hlfsh_llm.py::TestModelCommand::test_model_switch_whitespace_arg
FAILED tests/test_hlfsh_llm.py::TestModelsCommand::test_models_via_dispatch
FAILED tests/test_hlfsh_llm.py::TestModelsCommand::test_models_marks_active
FAILED tests/test_hlfsh_llm.py::TestModelsCommand::test_models_api_error_fallback_ollama_cli
FAILED tests/test_hlfsh_llm.py::TestModelsCommand::test_models_complete_failure
FAILED tests/test_hlfsh_llm.py::TestModelsCommand::test_models_empty_list - A...
FAILED tests/test_hlfsh_llm.py::TestModelsCommand::test_models_sorted_output
FAILED tests/test_hlfsh_llm.py::TestGenCommand::test_gen_valid_hlf_compiles_and_evals
FAILED tests/test_hlfsh_llm.py::TestGenCommand::test_gen_invalid_hlf_shows_error
FAILED tests/test_hlfsh_llm.py::TestGenCommand::test_gen_not_extracted_shows_raw
FAILED tests/test_hlfsh_llm.py::TestGenCommand::test_gen_empty_description - ...
FAILED tests/test_hlfsh_llm.py::TestGenCommand::test_gen_llm_error - Attribut...
FAILED tests/test_hlfsh_llm.py::TestGenCommand::test_gen_uses_active_model - ...
FAILED tests/test_hlfsh_llm.py::TestGenCommand::test_gen_via_dispatch - Attri...
FAILED tests/test_hlfsh_llm.py::TestGenCommand::test_gen_displays_result_details
FAILED tests/test_hlfsh_llm.py::TestGenCommand::test_gen_eval_pipeline_tracks_state
FAILED tests/test_hlfsh_llm.py::TestGenCommand::test_gen_dispatch_entry_mocked
FAILED tests/test_hlfsh_llm.py::TestGenCommand::test_gen_dispatch_returns_true
FAILED tests/test_hlfsh_llm.py::TestCertifyCommand::test_certify_all_pass - A...
FAILED tests/test_hlfsh_llm.py::TestCertifyCommand::test_certify_all_fail - A...
FAILED tests/test_hlfsh_llm.py::TestCertifyCommand::test_certify_partial - At...
FAILED tests/test_hlfsh_llm.py::TestCertifyCommand::test_certify_edge_threshold_80
FAILED tests/test_hlfsh_llm.py::TestCertifyCommand::test_certify_llm_error_in_middle
FAILED tests/test_hlfsh_llm.py::TestCertifyCommand::test_certify_shows_model_name
FAILED tests/test_hlfsh_llm.py::TestCertifyCommand::test_certify_labels_appear
FAILED tests/test_hlfsh_llm.py::TestCertifyCommand::test_certify_via_dispatch
FAILED tests/test_hlfsh_llm.py::TestCertifyCommand::test_certify_dispatch_entry_mocked
FAILED tests/test_hlfsh_llm.py::TestCertifyCommand::test_certify_dispatch_returns_true
FAILED tests/test_hlfsh_llm.py::TestDispatch::test_unknown_cmd_returns_false
FAILED tests/test_hlfsh_llm.py::TestDispatch::test_old_commands_still_work - ...
FAILED tests/test_hlfsh_llm.py::TestDispatch::test_env_still_works - Attribut...
FAILED tests/test_hlfsh_llm.py::TestDispatch::test_quit_still_works - Attribu...
FAILED tests/test_hlfsh_llm.py::TestConstructor::test_default_model_set - Att...
FAILED tests/test_hlfsh_llm.py::TestConstructor::test_custom_model_set - Type...
FAILED tests/test_hlfsh_llm.py::TestConstructor::test_ollama_url_default - At...
FAILED tests/test_hlfsh_llm.py::TestConstructor::test_ollama_url_trailing_slash_stripped
FAILED tests/test_hlfsh_llm.py::TestConstructor::test_custom_ollama_url - Typ...
FAILED tests/test_hlfsh_llm.py::TestConstructor::test_bridge_starts_none - At...
FAILED tests/test_hlfsh_llm.py::TestConstructor::test_backward_compatible_no_new_args
FAILED tests/test_hlfsh_llm.py::TestBridgeProperty::test_bridge_creates_on_first_access
FAILED tests/test_hlfsh_llm.py::TestBridgeProperty::test_bridge_uses_active_model
FAILED tests/test_hlfsh_llm.py::TestBridgeProperty::test_bridge_cached_after_creation
FAILED tests/test_hlfsh_llm.py::test_help_text_includes_new_commands - Assert...
FAILED tests/test_knowledge_substrate_hardening.py::TestCrossWitnessProver::test_proof_verification
FAILED tests/test_knowledge_substrate_hardening.py::TestCrossWitnessProver::test_proof_tampering_detected
FAILED tests/test_math_pipeline.py::TestMathPipeline::test_simple_arithmetic
FAILED tests/test_math_pipeline.py::TestMathPipeline::test_order_of_operations
FAILED tests/test_math_pipeline.py::TestMathPipeline::test_parenthesized_expression
FAILED tests/test_math_pipeline.py::TestMathPipeline::test_variable_average
FAILED tests/test_math_pipeline.py::TestMathPipeline::test_complex_variable_expression
FAILED tests/test_math_pipeline.py::TestMathPipeline::test_math_pow - hlf_mcp...
FAILED tests/test_math_pipeline.py::TestMathPipeline::test_math_pi - hlf_mcp....
FAILED tests/test_math_pipeline.py::TestMathPipeline::test_division_float - h...
FAILED tests/test_math_pipeline.py::TestMathPipeline::test_negation - Asserti...
FAILED tests/test_math_pipeline.py::TestMathPipeline::test_math_sqrt - hlf_mc...
FAILED tests/test_math_pipeline.py::TestMathPipeline::test_math_abs - hlf_mcp...
FAILED tests/test_math_pipeline.py::TestMathPipeline::test_math_nested_sqrt_pow
FAILED tests/test_math_pipeline.py::TestMathPipeline::test_compound_expression_with_math
FAILED tests/test_math_pipeline.py::TestMathPipeline::test_math_max_min - hlf...
FAILED tests/test_math_pipeline.py::TestMathPipeline::test_set_with_previously_set_variable
FAILED tests/test_math_pipeline.py::TestMathPipeline::test_math_floor_ceil_round
FAILED tests/test_memory_evidence.py::TestMemoryStoreEvidence::test_resolve_supersession_two_node_chain
FAILED tests/test_memory_evidence.py::TestMemoryStoreEvidence::test_resolve_supersession_cycle_detection
FAILED tests/test_memory_freshness.py::TestCheckEvidenceFreshnessMandatory::test_fresh_passes[execution_admission]
FAILED tests/test_memory_freshness.py::TestCheckEvidenceFreshnessMandatory::test_fresh_passes[governance_vote]
FAILED tests/test_memory_freshness.py::TestCheckEvidenceFreshnessMandatory::test_fresh_passes[audit_entry]
FAILED tests/test_memory_freshness.py::TestCheckEvidenceFreshnessMandatory::test_stale_rejected[execution_admission]
FAILED tests/test_memory_freshness.py::TestCheckEvidenceFreshnessMandatory::test_stale_rejected[governance_vote]
FAILED tests/test_memory_freshness.py::TestCheckEvidenceFreshnessMandatory::test_stale_rejected[audit_entry]
FAILED tests/test_memory_freshness.py::TestCheckEvidenceFreshnessMandatory::test_revoked_rejected[execution_admission]
FAILED tests/test_memory_freshness.py::TestCheckEvidenceFreshnessMandatory::test_revoked_rejected[governance_vote]
FAILED tests/test_memory_freshness.py::TestCheckEvidenceFreshnessMandatory::test_tombstoned_rejected[execution_admission]
FAILED tests/test_memory_freshness.py::TestCheckEvidenceFreshnessMandatory::test_tombstoned_rejected[audit_entry]
FAILED tests/test_memory_freshness.py::TestCheckEvidenceFreshnessMandatory::test_superseded_rejected_for_execution_admission
FAILED tests/test_memory_freshness.py::TestCheckEvidenceFreshnessOverridable::test_stale_flagged_but_admitted[default]
FAILED tests/test_memory_freshness.py::TestCheckEvidenceFreshnessOverridable::test_stale_flagged_but_admitted[memory_recall]
FAILED tests/test_memory_freshness.py::TestCheckEvidenceFreshnessOverridable::test_stale_flagged_but_admitted[dream_cycle]
FAILED tests/test_memory_freshness.py::TestCheckEvidenceFreshnessOverridable::test_fresh_passes_cleanly[default]
FAILED tests/test_memory_freshness.py::TestCheckEvidenceFreshnessOverridable::test_fresh_passes_cleanly[memory_recall]
FAILED tests/test_memory_freshness.py::TestCheckEvidenceFreshnessUnrestricted::test_stale_still_admitted[benchmark]
FAILED tests/test_memory_freshness.py::TestCheckEvidenceFreshnessUnrestricted::test_stale_still_admitted[dream_proposal]
FAILED tests/test_memory_freshness.py::TestCheckEvidenceFreshnessUnrestricted::test_stale_still_admitted[media_synthesis]
FAILED tests/test_memory_freshness.py::TestCheckEvidenceFreshnessUnrestricted::test_superseded_still_admitted[benchmark]
FAILED tests/test_memory_freshness.py::TestCheckEvidenceFreshnessUnrestricted::test_superseded_still_admitted[media_synthesis]
FAILED tests/test_memory_freshness.py::TestCheckEvidenceFreshnessEdgeCases::test_tampered_content_hash
FAILED tests/test_memory_freshness.py::TestCheckEvidenceFreshnessEdgeCases::test_missing_freshness_status_is_unknown
FAILED tests/test_memory_freshness.py::TestCheckEvidenceFreshnessEdgeCases::test_none_freshness_status_treated_as_unknown
FAILED tests/test_memory_freshness.py::TestCheckEvidenceFreshnessEdgeCases::test_missing_purpose_defaults_to_unrestricted
FAILED tests/test_memory_freshness.py::TestResolveSupersessionChain::test_no_supersession_returns_self
FAILED tests/test_memory_freshness.py::TestResolveSupersessionChain::test_single_link_chain
FAILED tests/test_memory_freshness.py::TestResolveSupersessionChain::test_multi_link_chain
FAILED tests/test_memory_freshness.py::TestResolveSupersessionChain::test_not_found_in_rows
FAILED tests/test_memory_freshness.py::TestResolveSupersessionChain::test_cycle_detection
FAILED tests/test_memory_freshness.py::TestResolveSupersessionChain::test_max_depth_enforced
FAILED tests/test_memory_freshness.py::TestResolveSupersessionChain::test_mid_chain_lookup
FAILED tests/test_memory_freshness.py::TestMissionEvidenceFreshness::test_empty_mission_is_fresh
FAILED tests/test_memory_freshness.py::TestMissionEvidenceFreshness::test_fresh_execution_trace
FAILED tests/test_memory_freshness.py::TestMissionEvidenceFreshness::test_stale_execution_trace
FAILED tests/test_memory_freshness.py::TestMissionEvidenceFreshness::test_superseded_in_trace
FAILED tests/test_memory_freshness.py::TestMissionEvidenceFreshness::test_revoked_in_trace
FAILED tests/test_memory_freshness.py::TestMissionEvidenceFreshness::test_mixed_fresh_stale
FAILED tests/test_memory_freshness.py::TestMissionEvidenceFreshness::test_verification_report_evidence
FAILED tests/test_memory_freshness.py::TestMissionEvidenceFreshness::test_nested_result_evidence
FAILED tests/test_memory_freshness.py::TestMissionEvidenceFreshness::test_orchestration_contract_evidence
FAILED tests/test_memory_freshness.py::TestMissionEvidenceFreshness::test_non_dict_evidence_skipped
FAILED tests/test_msty_memory_bridge.py::TestReverification::test_recent_web_search_no_reverify
FAILED tests/test_multimodal_safety.py::TestExifSanitization::test_jpeg_exif_gps_make_model_stripped
FAILED tests/test_multimodal_safety.py::TestExifSanitization::test_jpeg_exif_stripped_image_preserves_pixel_data
FAILED tests/test_multimodal_safety.py::TestScanMediaPipeline::test_scan_media_all_checks_pass
FAILED tests/test_multimodal_safety.py::TestScanMediaPipeline::test_scan_media_exif_stripped_clean_text_passes_with_warnings
FAILED tests/test_multimodal_safety.py::TestScanMediaPipeline::test_scan_media_disabled_exif
FAILED tests/test_nlp_translation.py::TestNLPTranslation::test_summarize - As...
FAILED tests/test_nlp_translation.py::TestNLPTranslation::test_source_flow - ...
FAILED tests/test_nlp_translation.py::TestNLPTranslation::test_branch - Asser...
FAILED tests/test_nlp_translation.py::TestNLPTranslation::test_spec_lifecycle
FAILED tests/test_oci_client.py::test_push_returns_simulated_digest_and_size
FAILED tests/test_real_workflow_benchmarks.py::test_real_workflow_benchmark_uses_hlf_self_improvement_and_honest_modes
FAILED tests/test_stale_supersession_lifecycle.py::TestSupersessionChainEndToEnd::test_three_gen_chain
FAILED tests/test_stale_supersession_lifecycle.py::TestSupersessionChainEndToEnd::test_five_gen_chain
FAILED tests/test_stale_supersession_lifecycle.py::TestSupersessionChainEndToEnd::test_mid_chain_start
FAILED tests/test_stale_supersession_lifecycle.py::TestSupersessionChainEndToEnd::test_single_entry_no_supersession
FAILED tests/test_stale_supersession_lifecycle.py::TestSupersessionChainEndToEnd::test_cycle_detection
FAILED tests/test_stale_supersession_lifecycle.py::TestStaleArtifactSupersessionLifecycle::test_full_lifecycle_store_supersede_verify
FAILED tests/test_stale_supersession_lifecycle.py::TestStaleArtifactSupersessionLifecycle::test_stale_artifact_excluded_from_default_retrieval_pattern
FAILED tests/test_stale_supersession_lifecycle.py::TestEvidenceContractNormalizedLifecycle::test_normalize_preserves_supersession_fields
FAILED tests/test_swarm.py::TestThreeAgentSwarm::test_phases_in_order - hlf_m...
FAILED tests/test_translator.py::test_english_to_hlf_supports_delegate_memory_and_recall_patterns
FAILED tests/test_typed_effect_hardening.py::TestOperandGapDetection::test_find_operand_gaps_any_has_all_excluded
========== 170 failed, 4745 passed, 18 skipped in 874.46s (0:14:34) ===========
